#
# There is insufficient memory for the Java Runtime Environment to continue.
# Native memory allocation (mmap) failed to map 224395264 bytes for G1 virtual space
# Possible reasons:
#   The system is out of physical RAM or swap space
#   The process is running with CompressedOops enabled, and the Java Heap may be blocking the growth of the native heap
# Possible solutions:
#   Reduce memory load on the system
#   Increase physical memory or swap space
#   Check if swap backing store is full
#   Decrease Java heap size (-Xmx/-Xms)
#   Decrease number of Java threads
#   Decrease Java thread stack sizes (-Xss)
#   Set larger code cache with -XX:ReservedCodeCacheSize=
#   JVM is running with Unscaled Compressed Oops mode in which the Java heap is
#     placed in the first 4GB address space. The Java Heap base address is the
#     maximum limit for the native heap growth. Please use -XX:HeapBaseMinAddress
#     to set the Java Heap base and to place the Java Heap above 4GB virtual address.
# This output file may be truncated or incomplete.
#
#  Out of Memory Error (os_windows.cpp:3559), pid=62580, tid=66708
#
# JRE version: OpenJDK Runtime Environment Temurin-17.0.7+7 (17.0.7+7) (build 17.0.7+7)
# Java VM: OpenJDK 64-Bit Server VM Temurin-17.0.7+7 (17.0.7+7, mixed mode, emulated-client, tiered, compressed oops, compressed class ptrs, g1 gc, windows-amd64)
# No core dump will be written. Minidumps are not enabled by default on client versions of Windows
#

---------------  S U M M A R Y ------------

Command Line: -XX:+HeapDumpOnOutOfMemoryError -Xmx1024m -Dsts.lsp.client=vscode -Dsts.log.file=/dev/null -XX:TieredStopAtLevel=1 -Xlog:jni+resolve=off -Dspring.config.location=file:c:\Users\HaribabuChinthakunta\.vscode\extensions\vmware.vscode-spring-boot-1.48.0\language-server\BOOT-INF\classes\application.properties org.springframework.ide.vscode.boot.app.BootLanguageServerBootApp

Host: AMD Ryzen 5 5600U with Radeon Graphics         , 12 cores, 14G,  Windows 10 , 64 bit Build 19041 (10.0.19041.3155)
Time: Wed Aug  9 17:32:06 2023 India Standard Time elapsed time: 10.533354 seconds (0d 0h 0m 10s)

---------------  T H R E A D  ---------------

Current thread (0x000001cd698cd700):  VMThread "VM Thread" [stack: 0x0000007b00300000,0x0000007b00400000] [id=66708]

Stack: [0x0000007b00300000,0x0000007b00400000]
Native frames: (J=compiled Java code, j=interpreted, Vv=VM code, C=native code)
V  [jvm.dll+0x67754a]
V  [jvm.dll+0x834304]
V  [jvm.dll+0x835aae]
V  [jvm.dll+0x836113]
V  [jvm.dll+0x24696f]
V  [jvm.dll+0x6743f9]
V  [jvm.dll+0x668c8a]
V  [jvm.dll+0x3061bb]
V  [jvm.dll+0x30d6a6]
V  [jvm.dll+0x35cece]
V  [jvm.dll+0x35d0ff]
V  [jvm.dll+0x2dd048]
V  [jvm.dll+0x2db20c]
V  [jvm.dll+0x2da7dc]
V  [jvm.dll+0x31e6db]
V  [jvm.dll+0x83a5bb]
V  [jvm.dll+0x83b2f4]
V  [jvm.dll+0x83b80c]
V  [jvm.dll+0x83bbe4]
V  [jvm.dll+0x83bcb0]
V  [jvm.dll+0x7e4e7a]
V  [jvm.dll+0x676395]
C  [ucrtbase.dll+0x21bb2]
C  [KERNEL32.DLL+0x17614]
C  [ntdll.dll+0x526b1]

VM_Operation (0x0000007b028fe820): G1CollectForAllocation, mode: safepoint, requested by thread 0x000001cd6e682bc0


---------------  P R O C E S S  ---------------

Threads class SMR info:
_java_thread_list=0x000001cd70552760, length=49, elements={
0x000001cd698cfff0, 0x000001cd698d1c70, 0x000001cd698dbac0, 0x000001cd698dd5e0,
0x000001cd698ddf90, 0x000001cd698de940, 0x000001cd69931410, 0x000001cd69931d10,
0x000001cd69b2e500, 0x000001cd69b45010, 0x000001cd6ef01500, 0x000001cd6eb33650,
0x000001cd6f128030, 0x000001cd6f128500, 0x000001cd6f1289d0, 0x000001cd5e639d30,
0x000001cd6e631020, 0x000001cd6e5a0810, 0x000001cd6e5b4010, 0x000001cd6e5b44e0,
0x000001cd6e5b49b0, 0x000001cd6e5a0ce0, 0x000001cd6e683090, 0x000001cd6e681880,
0x000001cd6e682220, 0x000001cd6e682bc0, 0x000001cd6e6848a0, 0x000001cd6e683560,
0x000001cd6e6826f0, 0x000001cd6e680ee0, 0x000001cd6e6813b0, 0x000001cd6e683f00,
0x000001cd6e683a30, 0x000001cd6e6843d0, 0x000001cd6e681d50, 0x000001cd6f5ce880,
0x000001cd6f5cdee0, 0x000001cd6f5cfbc0, 0x000001cd6f5c8d10, 0x000001cd6f5cc6d0,
0x000001cd6f5cc200, 0x000001cd6f5c91e0, 0x000001cd6f5cd540, 0x000001cd6f5c96b0,
0x000001cd6f5ccba0, 0x000001cd6f5c8840, 0x000001cd6f5cda10, 0x000001cd6f5ca050,
0x000001cd6f5c8370
}

Java Threads: ( => current thread )
  0x000001cd698cfff0 JavaThread "Reference Handler" daemon [_thread_blocked, id=63660, stack(0x0000007b00400000,0x0000007b00500000)]
  0x000001cd698d1c70 JavaThread "Finalizer" daemon [_thread_blocked, id=61720, stack(0x0000007b00500000,0x0000007b00600000)]
  0x000001cd698dbac0 JavaThread "Signal Dispatcher" daemon [_thread_blocked, id=55752, stack(0x0000007b00600000,0x0000007b00700000)]
  0x000001cd698dd5e0 JavaThread "Attach Listener" daemon [_thread_blocked, id=66100, stack(0x0000007b00700000,0x0000007b00800000)]
  0x000001cd698ddf90 JavaThread "Service Thread" daemon [_thread_blocked, id=62256, stack(0x0000007b00800000,0x0000007b00900000)]
  0x000001cd698de940 JavaThread "Monitor Deflation Thread" daemon [_thread_blocked, id=66628, stack(0x0000007b00900000,0x0000007b00a00000)]
  0x000001cd69931410 JavaThread "C1 CompilerThread0" daemon [_thread_blocked, id=63500, stack(0x0000007b00a00000,0x0000007b00b00000)]
  0x000001cd69931d10 JavaThread "Sweeper thread" daemon [_thread_blocked, id=62260, stack(0x0000007b00b00000,0x0000007b00c00000)]
  0x000001cd69b2e500 JavaThread "Notification Thread" daemon [_thread_blocked, id=62796, stack(0x0000007b00c00000,0x0000007b00d00000)]
  0x000001cd69b45010 JavaThread "Common-Cleaner" daemon [_thread_blocked, id=7296, stack(0x0000007b00e00000,0x0000007b00f00000)]
  0x000001cd6ef01500 JavaThread "C1 CompilerThread1" daemon [_thread_blocked, id=62312, stack(0x0000007b01600000,0x0000007b01700000)]
  0x000001cd6eb33650 JavaThread "boundedElastic-evictor-1" daemon [_thread_blocked, id=65952, stack(0x0000007b01b00000,0x0000007b01c00000)]
  0x000001cd6f128030 JavaThread "boundedElastic-evictor-2" daemon [_thread_blocked, id=54640, stack(0x0000007b01c00000,0x0000007b01d00000)]
  0x000001cd6f128500 JavaThread "pool-11-thread-1" [_thread_blocked, id=65604, stack(0x0000007b01d00000,0x0000007b01e00000)]
  0x000001cd6f1289d0 JavaThread "LanguageServerApp-lifecycle" [_thread_blocked, id=60164, stack(0x0000007b01e00000,0x0000007b01f00000)]
  0x000001cd5e639d30 JavaThread "DestroyJavaVM" [_thread_blocked, id=58768, stack(0x0000007b7fd00000,0x0000007b7fe00000)]
  0x000001cd6e631020 JavaThread "pool-12-thread-1" [_thread_in_native, id=4176, stack(0x0000007b01f00000,0x0000007b02000000)]
  0x000001cd6e5a0810 JavaThread "Simple-Language-Server main thread" daemon [_thread_blocked, id=18408, stack(0x0000007b02000000,0x0000007b02100000)]
  0x000001cd6e5b4010 JavaThread "pool-3-thread-1" [_thread_blocked, id=62228, stack(0x0000007b02100000,0x0000007b02200000)]
  0x000001cd6e5b44e0 JavaThread "pool-3-thread-2" [_thread_blocked, id=66612, stack(0x0000007b02200000,0x0000007b02300000)]
  0x000001cd6e5b49b0 JavaThread "pool-3-thread-3" [_thread_blocked, id=60732, stack(0x0000007b02300000,0x0000007b02400000)]
  0x000001cd6e5a0ce0 JavaThread "ForkJoinPool.commonPool-worker-1" daemon [_thread_blocked, id=67320, stack(0x0000007b02400000,0x0000007b02500000)]
  0x000001cd6e683090 JavaThread "ClassGraph-worker-0" daemon [_thread_blocked, id=65552, stack(0x0000007b02500000,0x0000007b02600000)]
  0x000001cd6e681880 JavaThread "ClassGraph-worker-1" daemon [_thread_blocked, id=62696, stack(0x0000007b02600000,0x0000007b02700000)]
  0x000001cd6e682220 JavaThread "ClassGraph-worker-2" daemon [_thread_blocked, id=63864, stack(0x0000007b02700000,0x0000007b02800000)]
  0x000001cd6e682bc0 JavaThread "ClassGraph-worker-3" daemon [_thread_blocked, id=63860, stack(0x0000007b02800000,0x0000007b02900000)]
  0x000001cd6e6848a0 JavaThread "ClassGraph-worker-4" daemon [_thread_blocked, id=17004, stack(0x0000007b02900000,0x0000007b02a00000)]
  0x000001cd6e683560 JavaThread "ClassGraph-worker-5" daemon [_thread_blocked, id=65412, stack(0x0000007b02a00000,0x0000007b02b00000)]
  0x000001cd6e6826f0 JavaThread "ClassGraph-worker-6" daemon [_thread_blocked, id=26168, stack(0x0000007b02b00000,0x0000007b02c00000)]
  0x000001cd6e680ee0 JavaThread "ClassGraph-worker-7" daemon [_thread_blocked, id=66952, stack(0x0000007b02c00000,0x0000007b02d00000)]
  0x000001cd6e6813b0 JavaThread "ClassGraph-worker-8" daemon [_thread_blocked, id=65572, stack(0x0000007b02d00000,0x0000007b02e00000)]
  0x000001cd6e683f00 JavaThread "ClassGraph-worker-9" daemon [_thread_blocked, id=18548, stack(0x0000007b02e00000,0x0000007b02f00000)]
  0x000001cd6e683a30 JavaThread "ClassGraph-worker-10" daemon [_thread_blocked, id=1724, stack(0x0000007b02f00000,0x0000007b03000000)]
  0x000001cd6e6843d0 JavaThread "ClassGraph-worker-11" daemon [_thread_blocked, id=49508, stack(0x0000007b03000000,0x0000007b03100000)]
  0x000001cd6e681d50 JavaThread "ClassGraph-worker-12" daemon [_thread_blocked, id=67316, stack(0x0000007b03100000,0x0000007b03200000)]
  0x000001cd6f5ce880 JavaThread "ClassGraph-worker-13" daemon [_thread_blocked, id=67724, stack(0x0000007b03200000,0x0000007b03300000)]
  0x000001cd6f5cdee0 JavaThread "ClassGraph-worker-14" daemon [_thread_blocked, id=7800, stack(0x0000007b03300000,0x0000007b03400000)]
  0x000001cd6f5cfbc0 JavaThread "ClassGraph-worker-15" daemon [_thread_blocked, id=66916, stack(0x0000007b03400000,0x0000007b03500000)]
  0x000001cd6f5c8d10 JavaThread "ClassGraph-worker-16" daemon [_thread_blocked, id=63032, stack(0x0000007b03500000,0x0000007b03600000)]
  0x000001cd6f5cc6d0 JavaThread "ClassGraph-worker-17" daemon [_thread_blocked, id=8936, stack(0x0000007b03600000,0x0000007b03700000)]
  0x000001cd6f5cc200 JavaThread "ClassGraph-worker-18" daemon [_thread_blocked, id=67008, stack(0x0000007b03700000,0x0000007b03800000)]
  0x000001cd6f5c91e0 JavaThread "parallel-1" daemon [_thread_blocked, id=62872, stack(0x0000007b03800000,0x0000007b03900000)]
  0x000001cd6f5cd540 JavaThread "pool-5-thread-1" [_thread_blocked, id=60188, stack(0x0000007b03900000,0x0000007b03a00000)]
  0x000001cd6f5c96b0 JavaThread "parallel-2" daemon [_thread_blocked, id=61772, stack(0x0000007b03a00000,0x0000007b03b00000)]
  0x000001cd6f5ccba0 JavaThread "Project-Reconciler-1" daemon [_thread_in_native, id=65060, stack(0x0000007b03b00000,0x0000007b03c00000)]
  0x000001cd6f5c8840 JavaThread "ForkJoinPool.commonPool-worker-2" daemon [_thread_blocked, id=65592, stack(0x0000007b03c00000,0x0000007b03d00000)]
  0x000001cd6f5cda10 JavaThread "ForkJoinPool.commonPool-worker-3" daemon [_thread_blocked, id=10132, stack(0x0000007b03f00000,0x0000007b04000000)]
  0x000001cd6f5ca050 JavaThread "ForkJoinPool.commonPool-worker-4" daemon [_thread_blocked, id=66548, stack(0x0000007b04000000,0x0000007b04100000)]
  0x000001cd6f5c8370 JavaThread "Keep-Alive-Timer" daemon [_thread_blocked, id=22624, stack(0x0000007b04100000,0x0000007b04200000)]

Other Threads:
=>0x000001cd698cd700 VMThread "VM Thread" [stack: 0x0000007b00300000,0x0000007b00400000] [id=66708]
  0x000001cd69b2e9d0 WatcherThread [stack: 0x0000007b00d00000,0x0000007b00e00000] [id=62800]
  0x000001cd5e6789c0 GCTaskThread "GC Thread#0" [stack: 0x0000007b7fe00000,0x0000007b7ff00000] [id=59064]
  0x000001cd6e6a41e0 GCTaskThread "GC Thread#1" [stack: 0x0000007b00f00000,0x0000007b01000000] [id=49468]
  0x000001cd6e847430 GCTaskThread "GC Thread#2" [stack: 0x0000007b01000000,0x0000007b01100000] [id=57976]
  0x000001cd6e8476e0 GCTaskThread "GC Thread#3" [stack: 0x0000007b01100000,0x0000007b01200000] [id=6860]
  0x000001cd6e873840 GCTaskThread "GC Thread#4" [stack: 0x0000007b01200000,0x0000007b01300000] [id=36856]
  0x000001cd6eac46d0 GCTaskThread "GC Thread#5" [stack: 0x0000007b01300000,0x0000007b01400000] [id=35088]
  0x000001cd6eac5990 GCTaskThread "GC Thread#6" [stack: 0x0000007b01400000,0x0000007b01500000] [id=67340]
  0x000001cd6eac5c40 GCTaskThread "GC Thread#7" [stack: 0x0000007b01500000,0x0000007b01600000] [id=66860]
  0x000001cd6ec0bc90 GCTaskThread "GC Thread#8" [stack: 0x0000007b01700000,0x0000007b01800000] [id=67760]
  0x000001cd6ec3f850 GCTaskThread "GC Thread#9" [stack: 0x0000007b01800000,0x0000007b01900000] [id=24636]
  0x000001cd5e681800 ConcurrentGCThread "G1 Main Marker" [stack: 0x0000007b7ff00000,0x0000007b80000000] [id=18168]
  0x000001cd5e682110 ConcurrentGCThread "G1 Conc#0" [stack: 0x0000007b00000000,0x0000007b00100000] [id=21152]
  0x000001cd6ed3e9f0 ConcurrentGCThread "G1 Conc#1" [stack: 0x0000007b01900000,0x0000007b01a00000] [id=67632]
  0x000001cd6ed3eca0 ConcurrentGCThread "G1 Conc#2" [stack: 0x0000007b01a00000,0x0000007b01b00000] [id=66236]
  0x000001cd5e6eec50 ConcurrentGCThread "G1 Refine#0" [stack: 0x0000007b00100000,0x0000007b00200000] [id=21120]
  0x000001cd6ee95900 ConcurrentGCThread "G1 Refine#1" [stack: 0x0000007b03d00000,0x0000007b03e00000] [id=67856]
  0x000001cd6ee95340 ConcurrentGCThread "G1 Refine#2" [stack: 0x0000007b03e00000,0x0000007b03f00000] [id=62768]
  0x000001cd69748bc0 ConcurrentGCThread "G1 Service" [stack: 0x0000007b00200000,0x0000007b00300000] [id=63120]

Threads with active compile tasks:

VM state: at safepoint (normal execution)

VM Mutex/Monitor currently owned by a thread:  ([mutex/lock_event])
[0x000001cd5c4545c0] Threads_lock - owner thread: 0x000001cd698cd700
[0x000001cd5c50da80] Heap_lock - owner thread: 0x000001cd6e682bc0

Heap address: 0x00000000c0000000, size: 1024 MB, Compressed Oops mode: 32-bit

CDS archive(s) not mapped
Compressed class space mapped at: 0x0000000100000000-0x0000000140000000, reserved size: 1073741824
Narrow klass base: 0x0000000000000000, Narrow klass shift: 3, Narrow klass range: 0x140000000

GC Precious Log:
 CPUs: 12 total, 12 available
 Memory: 15182M
 Large Page Support: Disabled
 NUMA Support: Disabled
 Compressed Oops: Enabled (32-bit)
 Heap Region Size: 1M
 Heap Min Capacity: 8M
 Heap Initial Capacity: 238M
 Heap Max Capacity: 1G
 Pre-touch: Disabled
 Parallel Workers: 10
 Concurrent Workers: 3
 Concurrent Refinement Workers: 10
 Periodic GC: Disabled

Heap:
 garbage-first heap   total 332800K, used 186023K [0x00000000c0000000, 0x0000000100000000)
  region size 1024K, 9 young (9216K), 9 survivors (9216K)
 Metaspace       used 45602K, committed 46016K, reserved 1114112K
  class space    used 6032K, committed 6208K, reserved 1048576K

Heap Regions: E=young(eden), S=young(survivor), O=old, HS=humongous(starts), HC=humongous(continues), CS=collection set, F=free, OA=open archive, CA=closed archive, TAMS=top-at-mark-start (previous, next)
|   0|0x00000000c0000000, 0x00000000c0100000, 0x00000000c0100000|100%| O|  |TAMS 0x00000000c0100000, 0x00000000c0100000| Untracked 
|   1|0x00000000c0100000, 0x00000000c0200000, 0x00000000c0200000|100%| O|  |TAMS 0x00000000c0200000, 0x00000000c0200000| Untracked 
|   2|0x00000000c0200000, 0x00000000c0300000, 0x00000000c0300000|100%| O|  |TAMS 0x00000000c0300000, 0x00000000c0300000| Untracked 
|   3|0x00000000c0300000, 0x00000000c0400000, 0x00000000c0400000|100%| O|  |TAMS 0x00000000c0400000, 0x00000000c0400000| Untracked 
|   4|0x00000000c0400000, 0x00000000c0500000, 0x00000000c0500000|100%| O|  |TAMS 0x00000000c0500000, 0x00000000c0500000| Untracked 
|   5|0x00000000c0500000, 0x00000000c0600000, 0x00000000c0600000|100%| O|  |TAMS 0x00000000c0600000, 0x00000000c0600000| Untracked 
|   6|0x00000000c0600000, 0x00000000c0700000, 0x00000000c0700000|100%| O|  |TAMS 0x00000000c0700000, 0x00000000c0700000| Untracked 
|   7|0x00000000c0700000, 0x00000000c0800000, 0x00000000c0800000|100%| O|  |TAMS 0x00000000c0800000, 0x00000000c0800000| Untracked 
|   8|0x00000000c0800000, 0x00000000c0900000, 0x00000000c0900000|100%| O|  |TAMS 0x00000000c0900000, 0x00000000c0900000| Untracked 
|   9|0x00000000c0900000, 0x00000000c0a00000, 0x00000000c0a00000|100%| O|  |TAMS 0x00000000c0a00000, 0x00000000c0a00000| Untracked 
|  10|0x00000000c0a00000, 0x00000000c0b00000, 0x00000000c0b00000|100%| O|  |TAMS 0x00000000c0b00000, 0x00000000c0b00000| Untracked 
|  11|0x00000000c0b00000, 0x00000000c0c00000, 0x00000000c0c00000|100%| O|  |TAMS 0x00000000c0c00000, 0x00000000c0c00000| Untracked 
|  12|0x00000000c0c00000, 0x00000000c0d00000, 0x00000000c0d00000|100%| O|  |TAMS 0x00000000c0d00000, 0x00000000c0d00000| Untracked 
|  13|0x00000000c0d00000, 0x00000000c0e00000, 0x00000000c0e00000|100%| O|  |TAMS 0x00000000c0e00000, 0x00000000c0e00000| Untracked 
|  14|0x00000000c0e00000, 0x00000000c0f00000, 0x00000000c0f00000|100%| O|  |TAMS 0x00000000c0f00000, 0x00000000c0f00000| Untracked 
|  15|0x00000000c0f00000, 0x00000000c1000000, 0x00000000c1000000|100%| O|  |TAMS 0x00000000c1000000, 0x00000000c1000000| Untracked 
|  16|0x00000000c1000000, 0x00000000c1100000, 0x00000000c1100000|100%| O|  |TAMS 0x00000000c1100000, 0x00000000c1100000| Untracked 
|  17|0x00000000c1100000, 0x00000000c1200000, 0x00000000c1200000|100%| O|  |TAMS 0x00000000c1200000, 0x00000000c1200000| Untracked 
|  18|0x00000000c1200000, 0x00000000c1300000, 0x00000000c1300000|100%| O|  |TAMS 0x00000000c1300000, 0x00000000c1300000| Untracked 
|  19|0x00000000c1300000, 0x00000000c1400000, 0x00000000c1400000|100%| O|  |TAMS 0x00000000c1400000, 0x00000000c1400000| Untracked 
|  20|0x00000000c1400000, 0x00000000c1500000, 0x00000000c1500000|100%| O|  |TAMS 0x00000000c1500000, 0x00000000c1500000| Untracked 
|  21|0x00000000c1500000, 0x00000000c1600000, 0x00000000c1600000|100%| O|  |TAMS 0x00000000c1600000, 0x00000000c1600000| Untracked 
|  22|0x00000000c1600000, 0x00000000c1700000, 0x00000000c1700000|100%| O|  |TAMS 0x00000000c1700000, 0x00000000c1700000| Untracked 
|  23|0x00000000c1700000, 0x00000000c1800000, 0x00000000c1800000|100%| O|  |TAMS 0x00000000c1800000, 0x00000000c1800000| Untracked 
|  24|0x00000000c1800000, 0x00000000c1900000, 0x00000000c1900000|100%| O|  |TAMS 0x00000000c1900000, 0x00000000c1900000| Untracked 
|  25|0x00000000c1900000, 0x00000000c1a00000, 0x00000000c1a00000|100%| O|  |TAMS 0x00000000c1a00000, 0x00000000c1a00000| Untracked 
|  26|0x00000000c1a00000, 0x00000000c1b00000, 0x00000000c1b00000|100%| O|  |TAMS 0x00000000c1b00000, 0x00000000c1b00000| Untracked 
|  27|0x00000000c1b00000, 0x00000000c1c00000, 0x00000000c1c00000|100%| O|  |TAMS 0x00000000c1c00000, 0x00000000c1c00000| Untracked 
|  28|0x00000000c1c00000, 0x00000000c1d00000, 0x00000000c1d00000|100%| O|  |TAMS 0x00000000c1d00000, 0x00000000c1d00000| Untracked 
|  29|0x00000000c1d00000, 0x00000000c1e00000, 0x00000000c1e00000|100%| O|  |TAMS 0x00000000c1e00000, 0x00000000c1e00000| Untracked 
|  30|0x00000000c1e00000, 0x00000000c1f00000, 0x00000000c1f00000|100%| O|  |TAMS 0x00000000c1f00000, 0x00000000c1f00000| Untracked 
|  31|0x00000000c1f00000, 0x00000000c2000000, 0x00000000c2000000|100%| O|  |TAMS 0x00000000c2000000, 0x00000000c2000000| Untracked 
|  32|0x00000000c2000000, 0x00000000c2100000, 0x00000000c2100000|100%| O|  |TAMS 0x00000000c2100000, 0x00000000c2100000| Untracked 
|  33|0x00000000c2100000, 0x00000000c2200000, 0x00000000c2200000|100%| O|  |TAMS 0x00000000c2200000, 0x00000000c2200000| Untracked 
|  34|0x00000000c2200000, 0x00000000c2300000, 0x00000000c2300000|100%| O|  |TAMS 0x00000000c2300000, 0x00000000c2300000| Untracked 
|  35|0x00000000c2300000, 0x00000000c2400000, 0x00000000c2400000|100%| O|  |TAMS 0x00000000c2400000, 0x00000000c2400000| Untracked 
|  36|0x00000000c2400000, 0x00000000c2500000, 0x00000000c2500000|100%| O|  |TAMS 0x00000000c2500000, 0x00000000c2500000| Untracked 
|  37|0x00000000c2500000, 0x00000000c2600000, 0x00000000c2600000|100%| O|  |TAMS 0x00000000c2600000, 0x00000000c2600000| Untracked 
|  38|0x00000000c2600000, 0x00000000c2700000, 0x00000000c2700000|100%| O|  |TAMS 0x00000000c2700000, 0x00000000c2700000| Untracked 
|  39|0x00000000c2700000, 0x00000000c2800000, 0x00000000c2800000|100%| O|  |TAMS 0x00000000c2800000, 0x00000000c2800000| Untracked 
|  40|0x00000000c2800000, 0x00000000c2900000, 0x00000000c2900000|100%| O|  |TAMS 0x00000000c2900000, 0x00000000c2900000| Untracked 
|  41|0x00000000c2900000, 0x00000000c2a00000, 0x00000000c2a00000|100%| O|  |TAMS 0x00000000c2a00000, 0x00000000c2a00000| Untracked 
|  42|0x00000000c2a00000, 0x00000000c2b00000, 0x00000000c2b00000|100%| O|  |TAMS 0x00000000c2b00000, 0x00000000c2b00000| Untracked 
|  43|0x00000000c2b00000, 0x00000000c2c00000, 0x00000000c2c00000|100%| O|  |TAMS 0x00000000c2c00000, 0x00000000c2c00000| Untracked 
|  44|0x00000000c2c00000, 0x00000000c2d00000, 0x00000000c2d00000|100%| O|  |TAMS 0x00000000c2d00000, 0x00000000c2d00000| Untracked 
|  45|0x00000000c2d00000, 0x00000000c2e00000, 0x00000000c2e00000|100%| O|  |TAMS 0x00000000c2e00000, 0x00000000c2e00000| Untracked 
|  46|0x00000000c2e00000, 0x00000000c2f00000, 0x00000000c2f00000|100%| O|  |TAMS 0x00000000c2f00000, 0x00000000c2f00000| Untracked 
|  47|0x00000000c2f00000, 0x00000000c3000000, 0x00000000c3000000|100%| O|  |TAMS 0x00000000c3000000, 0x00000000c3000000| Untracked 
|  48|0x00000000c3000000, 0x00000000c3100000, 0x00000000c3100000|100%| O|  |TAMS 0x00000000c3100000, 0x00000000c3100000| Untracked 
|  49|0x00000000c3100000, 0x00000000c3200000, 0x00000000c3200000|100%| O|  |TAMS 0x00000000c3200000, 0x00000000c3200000| Untracked 
|  50|0x00000000c3200000, 0x00000000c3300000, 0x00000000c3300000|100%| O|  |TAMS 0x00000000c3300000, 0x00000000c3300000| Untracked 
|  51|0x00000000c3300000, 0x00000000c3400000, 0x00000000c3400000|100%| O|  |TAMS 0x00000000c3400000, 0x00000000c3400000| Untracked 
|  52|0x00000000c3400000, 0x00000000c3500000, 0x00000000c3500000|100%| O|  |TAMS 0x00000000c3500000, 0x00000000c3500000| Untracked 
|  53|0x00000000c3500000, 0x00000000c3600000, 0x00000000c3600000|100%| O|  |TAMS 0x00000000c3600000, 0x00000000c3600000| Untracked 
|  54|0x00000000c3600000, 0x00000000c3700000, 0x00000000c3700000|100%| O|  |TAMS 0x00000000c3700000, 0x00000000c3700000| Untracked 
|  55|0x00000000c3700000, 0x00000000c3700000, 0x00000000c3800000|  0%| F|  |TAMS 0x00000000c3700000, 0x00000000c3700000| Untracked 
|  56|0x00000000c3800000, 0x00000000c3900000, 0x00000000c3900000|100%|HS|  |TAMS 0x00000000c3900000, 0x00000000c3900000| Complete 
|  57|0x00000000c3900000, 0x00000000c3a00000, 0x00000000c3a00000|100%| O|  |TAMS 0x00000000c3a00000, 0x00000000c3a00000| Untracked 
|  58|0x00000000c3a00000, 0x00000000c3b00000, 0x00000000c3b00000|100%| O|  |TAMS 0x00000000c3b00000, 0x00000000c3b00000| Untracked 
|  59|0x00000000c3b00000, 0x00000000c3c00000, 0x00000000c3c00000|100%| O|  |TAMS 0x00000000c3c00000, 0x00000000c3c00000| Untracked 
|  60|0x00000000c3c00000, 0x00000000c3d00000, 0x00000000c3d00000|100%| O|  |TAMS 0x00000000c3d00000, 0x00000000c3d00000| Untracked 
|  61|0x00000000c3d00000, 0x00000000c3e00000, 0x00000000c3e00000|100%| O|  |TAMS 0x00000000c3e00000, 0x00000000c3e00000| Untracked 
|  62|0x00000000c3e00000, 0x00000000c3e00000, 0x00000000c3f00000|  0%| F|  |TAMS 0x00000000c3e00000, 0x00000000c3e00000| Untracked 
|  63|0x00000000c3f00000, 0x00000000c4000000, 0x00000000c4000000|100%| O|  |TAMS 0x00000000c4000000, 0x00000000c4000000| Untracked 
|  64|0x00000000c4000000, 0x00000000c4100000, 0x00000000c4100000|100%| O|  |TAMS 0x00000000c4100000, 0x00000000c4100000| Untracked 
|  65|0x00000000c4100000, 0x00000000c4200000, 0x00000000c4200000|100%| O|  |TAMS 0x00000000c4200000, 0x00000000c4200000| Untracked 
|  66|0x00000000c4200000, 0x00000000c4300000, 0x00000000c4300000|100%| O|  |TAMS 0x00000000c4300000, 0x00000000c4300000| Untracked 
|  67|0x00000000c4300000, 0x00000000c4400000, 0x00000000c4400000|100%| O|  |TAMS 0x00000000c4300000, 0x00000000c4400000| Untracked 
|  68|0x00000000c4400000, 0x00000000c4500000, 0x00000000c4500000|100%| O|  |TAMS 0x00000000c4400000, 0x00000000c4500000| Untracked 
|  69|0x00000000c4500000, 0x00000000c4600000, 0x00000000c4600000|100%| O|  |TAMS 0x00000000c4600000, 0x00000000c4600000| Untracked 
|  70|0x00000000c4600000, 0x00000000c4700000, 0x00000000c4700000|100%| O|  |TAMS 0x00000000c4700000, 0x00000000c4700000| Untracked 
|  71|0x00000000c4700000, 0x00000000c4800000, 0x00000000c4800000|100%| O|  |TAMS 0x00000000c4800000, 0x00000000c4800000| Untracked 
|  72|0x00000000c4800000, 0x00000000c4900000, 0x00000000c4900000|100%| O|  |TAMS 0x00000000c4900000, 0x00000000c4900000| Untracked 
|  73|0x00000000c4900000, 0x00000000c4a00000, 0x00000000c4a00000|100%| O|  |TAMS 0x00000000c4a00000, 0x00000000c4a00000| Untracked 
|  74|0x00000000c4a00000, 0x00000000c4b00000, 0x00000000c4b00000|100%| O|  |TAMS 0x00000000c4b00000, 0x00000000c4b00000| Untracked 
|  75|0x00000000c4b00000, 0x00000000c4c00000, 0x00000000c4c00000|100%| O|  |TAMS 0x00000000c4c00000, 0x00000000c4c00000| Untracked 
|  76|0x00000000c4c00000, 0x00000000c4d00000, 0x00000000c4d00000|100%| O|  |TAMS 0x00000000c4d00000, 0x00000000c4d00000| Untracked 
|  77|0x00000000c4d00000, 0x00000000c4e00000, 0x00000000c4e00000|100%| O|  |TAMS 0x00000000c4e00000, 0x00000000c4e00000| Untracked 
|  78|0x00000000c4e00000, 0x00000000c4f00000, 0x00000000c4f00000|100%| O|  |TAMS 0x00000000c4f00000, 0x00000000c4f00000| Untracked 
|  79|0x00000000c4f00000, 0x00000000c5000000, 0x00000000c5000000|100%| O|  |TAMS 0x00000000c5000000, 0x00000000c5000000| Untracked 
|  80|0x00000000c5000000, 0x00000000c5100000, 0x00000000c5100000|100%| O|  |TAMS 0x00000000c5100000, 0x00000000c5100000| Untracked 
|  81|0x00000000c5100000, 0x00000000c5200000, 0x00000000c5200000|100%| O|  |TAMS 0x00000000c5200000, 0x00000000c5200000| Untracked 
|  82|0x00000000c5200000, 0x00000000c5300000, 0x00000000c5300000|100%| O|  |TAMS 0x00000000c5300000, 0x00000000c5300000| Untracked 
|  83|0x00000000c5300000, 0x00000000c5400000, 0x00000000c5400000|100%| O|  |TAMS 0x00000000c5400000, 0x00000000c5400000| Untracked 
|  84|0x00000000c5400000, 0x00000000c5500000, 0x00000000c5500000|100%| O|  |TAMS 0x00000000c5500000, 0x00000000c5500000| Untracked 
|  85|0x00000000c5500000, 0x00000000c5600000, 0x00000000c5600000|100%| O|  |TAMS 0x00000000c5600000, 0x00000000c5600000| Untracked 
|  86|0x00000000c5600000, 0x00000000c5700000, 0x00000000c5700000|100%| O|  |TAMS 0x00000000c5700000, 0x00000000c5700000| Untracked 
|  87|0x00000000c5700000, 0x00000000c5800000, 0x00000000c5800000|100%| O|  |TAMS 0x00000000c5800000, 0x00000000c5800000| Untracked 
|  88|0x00000000c5800000, 0x00000000c5900000, 0x00000000c5900000|100%| O|  |TAMS 0x00000000c5900000, 0x00000000c5900000| Untracked 
|  89|0x00000000c5900000, 0x00000000c5a00000, 0x00000000c5a00000|100%| O|  |TAMS 0x00000000c5a00000, 0x00000000c5a00000| Untracked 
|  90|0x00000000c5a00000, 0x00000000c5b00000, 0x00000000c5b00000|100%| O|  |TAMS 0x00000000c5b00000, 0x00000000c5b00000| Untracked 
|  91|0x00000000c5b00000, 0x00000000c5c00000, 0x00000000c5c00000|100%| O|  |TAMS 0x00000000c5c00000, 0x00000000c5c00000| Untracked 
|  92|0x00000000c5c00000, 0x00000000c5d00000, 0x00000000c5d00000|100%| O|  |TAMS 0x00000000c5d00000, 0x00000000c5d00000| Untracked 
|  93|0x00000000c5d00000, 0x00000000c5e00000, 0x00000000c5e00000|100%| O|  |TAMS 0x00000000c5e00000, 0x00000000c5e00000| Untracked 
|  94|0x00000000c5e00000, 0x00000000c5f00000, 0x00000000c5f00000|100%| O|  |TAMS 0x00000000c5f00000, 0x00000000c5f00000| Untracked 
|  95|0x00000000c5f00000, 0x00000000c6000000, 0x00000000c6000000|100%| O|  |TAMS 0x00000000c6000000, 0x00000000c6000000| Untracked 
|  96|0x00000000c6000000, 0x00000000c6100000, 0x00000000c6100000|100%| O|  |TAMS 0x00000000c6100000, 0x00000000c6100000| Untracked 
|  97|0x00000000c6100000, 0x00000000c6200000, 0x00000000c6200000|100%| O|  |TAMS 0x00000000c6200000, 0x00000000c6200000| Untracked 
|  98|0x00000000c6200000, 0x00000000c6300000, 0x00000000c6300000|100%| O|  |TAMS 0x00000000c6300000, 0x00000000c6300000| Untracked 
|  99|0x00000000c6300000, 0x00000000c6400000, 0x00000000c6400000|100%| O|  |TAMS 0x00000000c6400000, 0x00000000c6400000| Untracked 
| 100|0x00000000c6400000, 0x00000000c6500000, 0x00000000c6500000|100%| O|  |TAMS 0x00000000c6500000, 0x00000000c6500000| Untracked 
| 101|0x00000000c6500000, 0x00000000c6600000, 0x00000000c6600000|100%| O|  |TAMS 0x00000000c6600000, 0x00000000c6600000| Untracked 
| 102|0x00000000c6600000, 0x00000000c6700000, 0x00000000c6700000|100%| O|  |TAMS 0x00000000c6700000, 0x00000000c6700000| Untracked 
| 103|0x00000000c6700000, 0x00000000c6800000, 0x00000000c6800000|100%| O|  |TAMS 0x00000000c6800000, 0x00000000c6800000| Untracked 
| 104|0x00000000c6800000, 0x00000000c6900000, 0x00000000c6900000|100%| O|  |TAMS 0x00000000c6900000, 0x00000000c6900000| Untracked 
| 105|0x00000000c6900000, 0x00000000c6a00000, 0x00000000c6a00000|100%| O|  |TAMS 0x00000000c6a00000, 0x00000000c6a00000| Untracked 
| 106|0x00000000c6a00000, 0x00000000c6b00000, 0x00000000c6b00000|100%| O|  |TAMS 0x00000000c6b00000, 0x00000000c6b00000| Untracked 
| 107|0x00000000c6b00000, 0x00000000c6c00000, 0x00000000c6c00000|100%| O|  |TAMS 0x00000000c6c00000, 0x00000000c6c00000| Untracked 
| 108|0x00000000c6c00000, 0x00000000c6d00000, 0x00000000c6d00000|100%| O|  |TAMS 0x00000000c6c00000, 0x00000000c6d00000| Untracked 
| 109|0x00000000c6d00000, 0x00000000c6e00000, 0x00000000c6e00000|100%| O|  |TAMS 0x00000000c6e00000, 0x00000000c6e00000| Untracked 
| 110|0x00000000c6e00000, 0x00000000c6f00000, 0x00000000c6f00000|100%| O|  |TAMS 0x00000000c6f00000, 0x00000000c6f00000| Untracked 
| 111|0x00000000c6f00000, 0x00000000c7000000, 0x00000000c7000000|100%| O|  |TAMS 0x00000000c7000000, 0x00000000c7000000| Untracked 
| 112|0x00000000c7000000, 0x00000000c7100000, 0x00000000c7100000|100%| O|  |TAMS 0x00000000c7100000, 0x00000000c7100000| Untracked 
| 113|0x00000000c7100000, 0x00000000c7200000, 0x00000000c7200000|100%| O|  |TAMS 0x00000000c7200000, 0x00000000c7200000| Untracked 
| 114|0x00000000c7200000, 0x00000000c7300000, 0x00000000c7300000|100%| O|  |TAMS 0x00000000c7300000, 0x00000000c7300000| Untracked 
| 115|0x00000000c7300000, 0x00000000c7400000, 0x00000000c7400000|100%| O|  |TAMS 0x00000000c7400000, 0x00000000c7400000| Untracked 
| 116|0x00000000c7400000, 0x00000000c7500000, 0x00000000c7500000|100%| O|  |TAMS 0x00000000c7500000, 0x00000000c7500000| Untracked 
| 117|0x00000000c7500000, 0x00000000c7600000, 0x00000000c7600000|100%| O|  |TAMS 0x00000000c7600000, 0x00000000c7600000| Untracked 
| 118|0x00000000c7600000, 0x00000000c7700000, 0x00000000c7700000|100%| O|  |TAMS 0x00000000c7700000, 0x00000000c7700000| Untracked 
| 119|0x00000000c7700000, 0x00000000c7800000, 0x00000000c7800000|100%| O|  |TAMS 0x00000000c7800000, 0x00000000c7800000| Untracked 
| 120|0x00000000c7800000, 0x00000000c7900000, 0x00000000c7900000|100%| O|  |TAMS 0x00000000c7900000, 0x00000000c7900000| Untracked 
| 121|0x00000000c7900000, 0x00000000c7a00000, 0x00000000c7a00000|100%| O|  |TAMS 0x00000000c7a00000, 0x00000000c7a00000| Untracked 
| 122|0x00000000c7a00000, 0x00000000c7b00000, 0x00000000c7b00000|100%| O|  |TAMS 0x00000000c7b00000, 0x00000000c7b00000| Untracked 
| 123|0x00000000c7b00000, 0x00000000c7c00000, 0x00000000c7c00000|100%| O|  |TAMS 0x00000000c7c00000, 0x00000000c7c00000| Untracked 
| 124|0x00000000c7c00000, 0x00000000c7d00000, 0x00000000c7d00000|100%| O|  |TAMS 0x00000000c7d00000, 0x00000000c7d00000| Untracked 
| 125|0x00000000c7d00000, 0x00000000c7e00000, 0x00000000c7e00000|100%| O|  |TAMS 0x00000000c7e00000, 0x00000000c7e00000| Untracked 
| 126|0x00000000c7e00000, 0x00000000c7f00000, 0x00000000c7f00000|100%| O|  |TAMS 0x00000000c7f00000, 0x00000000c7f00000| Untracked 
| 127|0x00000000c7f00000, 0x00000000c8000000, 0x00000000c8000000|100%| O|  |TAMS 0x00000000c8000000, 0x00000000c8000000| Untracked 
| 128|0x00000000c8000000, 0x00000000c8100000, 0x00000000c8100000|100%| O|  |TAMS 0x00000000c8100000, 0x00000000c8100000| Untracked 
| 129|0x00000000c8100000, 0x00000000c8200000, 0x00000000c8200000|100%| O|  |TAMS 0x00000000c8200000, 0x00000000c8200000| Untracked 
| 130|0x00000000c8200000, 0x00000000c8300000, 0x00000000c8300000|100%| O|  |TAMS 0x00000000c8300000, 0x00000000c8300000| Untracked 
| 131|0x00000000c8300000, 0x00000000c8400000, 0x00000000c8400000|100%| O|  |TAMS 0x00000000c8400000, 0x00000000c8400000| Untracked 
| 132|0x00000000c8400000, 0x00000000c8500000, 0x00000000c8500000|100%| O|  |TAMS 0x00000000c8500000, 0x00000000c8500000| Untracked 
| 133|0x00000000c8500000, 0x00000000c8600000, 0x00000000c8600000|100%| O|  |TAMS 0x00000000c8600000, 0x00000000c8600000| Untracked 
| 134|0x00000000c8600000, 0x00000000c8700000, 0x00000000c8700000|100%| O|  |TAMS 0x00000000c8700000, 0x00000000c8700000| Untracked 
| 135|0x00000000c8700000, 0x00000000c8800000, 0x00000000c8800000|100%| O|  |TAMS 0x00000000c8800000, 0x00000000c8800000| Untracked 
| 136|0x00000000c8800000, 0x00000000c8900000, 0x00000000c8900000|100%| O|  |TAMS 0x00000000c8900000, 0x00000000c8900000| Untracked 
| 137|0x00000000c8900000, 0x00000000c8a00000, 0x00000000c8a00000|100%| O|  |TAMS 0x00000000c8a00000, 0x00000000c8a00000| Untracked 
| 138|0x00000000c8a00000, 0x00000000c8b00000, 0x00000000c8b00000|100%| O|  |TAMS 0x00000000c8b00000, 0x00000000c8b00000| Untracked 
| 139|0x00000000c8b00000, 0x00000000c8c00000, 0x00000000c8c00000|100%|HS|  |TAMS 0x00000000c8c00000, 0x00000000c8c00000| Complete 
| 140|0x00000000c8c00000, 0x00000000c8d00000, 0x00000000c8d00000|100%| O|  |TAMS 0x00000000c8d00000, 0x00000000c8d00000| Untracked 
| 141|0x00000000c8d00000, 0x00000000c8e00000, 0x00000000c8e00000|100%| O|  |TAMS 0x00000000c8e00000, 0x00000000c8e00000| Untracked 
| 142|0x00000000c8e00000, 0x00000000c8f00000, 0x00000000c8f00000|100%| O|  |TAMS 0x00000000c8f00000, 0x00000000c8f00000| Untracked 
| 143|0x00000000c8f00000, 0x00000000c9000000, 0x00000000c9000000|100%| O|  |TAMS 0x00000000c9000000, 0x00000000c9000000| Untracked 
| 144|0x00000000c9000000, 0x00000000c9100000, 0x00000000c9100000|100%| O|  |TAMS 0x00000000c9100000, 0x00000000c9100000| Untracked 
| 145|0x00000000c9100000, 0x00000000c9200000, 0x00000000c9200000|100%| O|  |TAMS 0x00000000c9200000, 0x00000000c9200000| Untracked 
| 146|0x00000000c9200000, 0x00000000c9300000, 0x00000000c9300000|100%| O|  |TAMS 0x00000000c9300000, 0x00000000c9300000| Untracked 
| 147|0x00000000c9300000, 0x00000000c9400000, 0x00000000c9400000|100%| O|  |TAMS 0x00000000c9400000, 0x00000000c9400000| Untracked 
| 148|0x00000000c9400000, 0x00000000c9500000, 0x00000000c9500000|100%| O|  |TAMS 0x00000000c9500000, 0x00000000c9500000| Untracked 
| 149|0x00000000c9500000, 0x00000000c9600000, 0x00000000c9600000|100%| O|  |TAMS 0x00000000c9600000, 0x00000000c9600000| Untracked 
| 150|0x00000000c9600000, 0x00000000c9700000, 0x00000000c9700000|100%| O|  |TAMS 0x00000000c9700000, 0x00000000c9700000| Untracked 
| 151|0x00000000c9700000, 0x00000000c9800000, 0x00000000c9800000|100%| O|  |TAMS 0x00000000c9800000, 0x00000000c9800000| Untracked 
| 152|0x00000000c9800000, 0x00000000c9900000, 0x00000000c9900000|100%| O|  |TAMS 0x00000000c9900000, 0x00000000c9900000| Untracked 
| 153|0x00000000c9900000, 0x00000000c9a00000, 0x00000000c9a00000|100%| O|  |TAMS 0x00000000c9a00000, 0x00000000c9a00000| Untracked 
| 154|0x00000000c9a00000, 0x00000000c9b00000, 0x00000000c9b00000|100%| O|  |TAMS 0x00000000c9b00000, 0x00000000c9b00000| Untracked 
| 155|0x00000000c9b00000, 0x00000000c9c00000, 0x00000000c9c00000|100%| O|  |TAMS 0x00000000c9c00000, 0x00000000c9c00000| Untracked 
| 156|0x00000000c9c00000, 0x00000000c9d00000, 0x00000000c9d00000|100%| O|  |TAMS 0x00000000c9d00000, 0x00000000c9d00000| Untracked 
| 157|0x00000000c9d00000, 0x00000000c9d00000, 0x00000000c9e00000|  0%| F|  |TAMS 0x00000000c9d00000, 0x00000000c9d00000| Untracked 
| 158|0x00000000c9e00000, 0x00000000c9f00000, 0x00000000c9f00000|100%| O|  |TAMS 0x00000000c9f00000, 0x00000000c9f00000| Untracked 
| 159|0x00000000c9f00000, 0x00000000ca000000, 0x00000000ca000000|100%| O|  |TAMS 0x00000000ca000000, 0x00000000ca000000| Untracked 
| 160|0x00000000ca000000, 0x00000000ca100000, 0x00000000ca100000|100%| O|  |TAMS 0x00000000ca100000, 0x00000000ca100000| Untracked 
| 161|0x00000000ca100000, 0x00000000ca200000, 0x00000000ca200000|100%| O|  |TAMS 0x00000000ca200000, 0x00000000ca200000| Untracked 
| 162|0x00000000ca200000, 0x00000000ca300000, 0x00000000ca300000|100%| O|  |TAMS 0x00000000ca300000, 0x00000000ca300000| Untracked 
| 163|0x00000000ca300000, 0x00000000ca400000, 0x00000000ca400000|100%| O|  |TAMS 0x00000000ca400000, 0x00000000ca400000| Untracked 
| 164|0x00000000ca400000, 0x00000000ca500000, 0x00000000ca500000|100%| O|  |TAMS 0x00000000ca500000, 0x00000000ca500000| Untracked 
| 165|0x00000000ca500000, 0x00000000ca600000, 0x00000000ca600000|100%| O|  |TAMS 0x00000000ca600000, 0x00000000ca600000| Untracked 
| 166|0x00000000ca600000, 0x00000000ca700000, 0x00000000ca700000|100%| O|  |TAMS 0x00000000ca700000, 0x00000000ca700000| Untracked 
| 167|0x00000000ca700000, 0x00000000ca800000, 0x00000000ca800000|100%| O|  |TAMS 0x00000000ca800000, 0x00000000ca800000| Untracked 
| 168|0x00000000ca800000, 0x00000000ca900000, 0x00000000ca900000|100%| O|  |TAMS 0x00000000ca900000, 0x00000000ca900000| Untracked 
| 169|0x00000000ca900000, 0x00000000caa00000, 0x00000000caa00000|100%| O|  |TAMS 0x00000000ca974600, 0x00000000caa00000| Untracked 
| 170|0x00000000caa00000, 0x00000000cab00000, 0x00000000cab00000|100%| O|  |TAMS 0x00000000caa00000, 0x00000000cab00000| Untracked 
| 171|0x00000000cab00000, 0x00000000cac00000, 0x00000000cac00000|100%| O|  |TAMS 0x00000000cab00000, 0x00000000cac00000| Untracked 
| 172|0x00000000cac00000, 0x00000000cad00000, 0x00000000cad00000|100%| O|  |TAMS 0x00000000cac00000, 0x00000000cad00000| Untracked 
| 173|0x00000000cad00000, 0x00000000cae00000, 0x00000000cae00000|100%| O|  |TAMS 0x00000000cad00000, 0x00000000cae00000| Untracked 
| 174|0x00000000cae00000, 0x00000000caf00000, 0x00000000caf00000|100%| O|  |TAMS 0x00000000cae00000, 0x00000000caf00000| Untracked 
| 175|0x00000000caf00000, 0x00000000cb000000, 0x00000000cb000000|100%| O|  |TAMS 0x00000000caf00000, 0x00000000cb000000| Untracked 
| 176|0x00000000cb000000, 0x00000000cb04e400, 0x00000000cb100000| 30%| O|  |TAMS 0x00000000cb000000, 0x00000000cb04e400| Untracked 
| 177|0x00000000cb100000, 0x00000000cb100000, 0x00000000cb200000|  0%| F|  |TAMS 0x00000000cb100000, 0x00000000cb100000| Untracked 
| 178|0x00000000cb200000, 0x00000000cb200000, 0x00000000cb300000|  0%| F|  |TAMS 0x00000000cb200000, 0x00000000cb200000| Untracked 
| 179|0x00000000cb300000, 0x00000000cb300000, 0x00000000cb400000|  0%| F|  |TAMS 0x00000000cb300000, 0x00000000cb300000| Untracked 
| 180|0x00000000cb400000, 0x00000000cb400000, 0x00000000cb500000|  0%| F|  |TAMS 0x00000000cb400000, 0x00000000cb400000| Untracked 
| 181|0x00000000cb500000, 0x00000000cb500000, 0x00000000cb600000|  0%| F|  |TAMS 0x00000000cb500000, 0x00000000cb500000| Untracked 
| 182|0x00000000cb600000, 0x00000000cb600000, 0x00000000cb700000|  0%| F|  |TAMS 0x00000000cb600000, 0x00000000cb600000| Untracked 
| 183|0x00000000cb700000, 0x00000000cb700000, 0x00000000cb800000|  0%| F|  |TAMS 0x00000000cb700000, 0x00000000cb700000| Untracked 
| 184|0x00000000cb800000, 0x00000000cb800000, 0x00000000cb900000|  0%| F|  |TAMS 0x00000000cb800000, 0x00000000cb800000| Untracked 
| 185|0x00000000cb900000, 0x00000000cb900000, 0x00000000cba00000|  0%| F|  |TAMS 0x00000000cb900000, 0x00000000cb900000| Untracked 
| 186|0x00000000cba00000, 0x00000000cba00000, 0x00000000cbb00000|  0%| F|  |TAMS 0x00000000cba00000, 0x00000000cba00000| Untracked 
| 187|0x00000000cbb00000, 0x00000000cbb00000, 0x00000000cbc00000|  0%| F|  |TAMS 0x00000000cbb00000, 0x00000000cbb00000| Untracked 
| 188|0x00000000cbc00000, 0x00000000cbc00000, 0x00000000cbd00000|  0%| F|  |TAMS 0x00000000cbc00000, 0x00000000cbc00000| Untracked 
| 189|0x00000000cbd00000, 0x00000000cbd00000, 0x00000000cbe00000|  0%| F|  |TAMS 0x00000000cbd00000, 0x00000000cbd00000| Untracked 
| 190|0x00000000cbe00000, 0x00000000cbe00000, 0x00000000cbf00000|  0%| F|  |TAMS 0x00000000cbe00000, 0x00000000cbe00000| Untracked 
| 191|0x00000000cbf00000, 0x00000000cbf00000, 0x00000000cc000000|  0%| F|  |TAMS 0x00000000cbf00000, 0x00000000cbf00000| Untracked 
| 192|0x00000000cc000000, 0x00000000cc000000, 0x00000000cc100000|  0%| F|  |TAMS 0x00000000cc000000, 0x00000000cc000000| Untracked 
| 193|0x00000000cc100000, 0x00000000cc100000, 0x00000000cc200000|  0%| F|  |TAMS 0x00000000cc100000, 0x00000000cc100000| Untracked 
| 194|0x00000000cc200000, 0x00000000cc200000, 0x00000000cc300000|  0%| F|  |TAMS 0x00000000cc200000, 0x00000000cc200000| Untracked 
| 195|0x00000000cc300000, 0x00000000cc300000, 0x00000000cc400000|  0%| F|  |TAMS 0x00000000cc300000, 0x00000000cc300000| Untracked 
| 196|0x00000000cc400000, 0x00000000cc400000, 0x00000000cc500000|  0%| F|  |TAMS 0x00000000cc400000, 0x00000000cc400000| Untracked 
| 197|0x00000000cc500000, 0x00000000cc500000, 0x00000000cc600000|  0%| F|  |TAMS 0x00000000cc500000, 0x00000000cc500000| Untracked 
| 198|0x00000000cc600000, 0x00000000cc600000, 0x00000000cc700000|  0%| F|  |TAMS 0x00000000cc600000, 0x00000000cc600000| Untracked 
| 199|0x00000000cc700000, 0x00000000cc700000, 0x00000000cc800000|  0%| F|  |TAMS 0x00000000cc700000, 0x00000000cc700000| Untracked 
| 200|0x00000000cc800000, 0x00000000cc800000, 0x00000000cc900000|  0%| F|  |TAMS 0x00000000cc800000, 0x00000000cc800000| Untracked 
| 201|0x00000000cc900000, 0x00000000cc900000, 0x00000000cca00000|  0%| F|  |TAMS 0x00000000cc900000, 0x00000000cc900000| Untracked 
| 202|0x00000000cca00000, 0x00000000cca00000, 0x00000000ccb00000|  0%| F|  |TAMS 0x00000000cca00000, 0x00000000cca00000| Untracked 
| 203|0x00000000ccb00000, 0x00000000ccb00000, 0x00000000ccc00000|  0%| F|  |TAMS 0x00000000ccb00000, 0x00000000ccb00000| Untracked 
| 204|0x00000000ccc00000, 0x00000000ccc00000, 0x00000000ccd00000|  0%| F|  |TAMS 0x00000000ccc00000, 0x00000000ccc00000| Untracked 
| 205|0x00000000ccd00000, 0x00000000ccd00000, 0x00000000cce00000|  0%| F|  |TAMS 0x00000000ccd00000, 0x00000000ccd00000| Untracked 
| 206|0x00000000cce00000, 0x00000000cce00000, 0x00000000ccf00000|  0%| F|  |TAMS 0x00000000cce00000, 0x00000000cce00000| Untracked 
| 207|0x00000000ccf00000, 0x00000000ccf00000, 0x00000000cd000000|  0%| F|  |TAMS 0x00000000ccf00000, 0x00000000ccf00000| Untracked 
| 208|0x00000000cd000000, 0x00000000cd000000, 0x00000000cd100000|  0%| F|  |TAMS 0x00000000cd000000, 0x00000000cd000000| Untracked 
| 209|0x00000000cd100000, 0x00000000cd100000, 0x00000000cd200000|  0%| F|  |TAMS 0x00000000cd100000, 0x00000000cd100000| Untracked 
| 210|0x00000000cd200000, 0x00000000cd200000, 0x00000000cd300000|  0%| F|  |TAMS 0x00000000cd200000, 0x00000000cd200000| Untracked 
| 211|0x00000000cd300000, 0x00000000cd300000, 0x00000000cd400000|  0%| F|  |TAMS 0x00000000cd300000, 0x00000000cd300000| Untracked 
| 212|0x00000000cd400000, 0x00000000cd400000, 0x00000000cd500000|  0%| F|  |TAMS 0x00000000cd400000, 0x00000000cd400000| Untracked 
| 213|0x00000000cd500000, 0x00000000cd500000, 0x00000000cd600000|  0%| F|  |TAMS 0x00000000cd500000, 0x00000000cd500000| Untracked 
| 214|0x00000000cd600000, 0x00000000cd65ba20, 0x00000000cd700000| 35%| S|CS|TAMS 0x00000000cd600000, 0x00000000cd600000| Complete 
| 215|0x00000000cd700000, 0x00000000cd800000, 0x00000000cd800000|100%| S|CS|TAMS 0x00000000cd700000, 0x00000000cd700000| Complete 
| 216|0x00000000cd800000, 0x00000000cd900000, 0x00000000cd900000|100%| S|CS|TAMS 0x00000000cd800000, 0x00000000cd800000| Complete 
| 217|0x00000000cd900000, 0x00000000cda00000, 0x00000000cda00000|100%| S|CS|TAMS 0x00000000cd900000, 0x00000000cd900000| Complete 
| 218|0x00000000cda00000, 0x00000000cdb00000, 0x00000000cdb00000|100%| S|CS|TAMS 0x00000000cda00000, 0x00000000cda00000| Complete 
| 219|0x00000000cdb00000, 0x00000000cdc00000, 0x00000000cdc00000|100%| S|CS|TAMS 0x00000000cdb00000, 0x00000000cdb00000| Complete 
| 220|0x00000000cdc00000, 0x00000000cdd00000, 0x00000000cdd00000|100%| S|CS|TAMS 0x00000000cdc00000, 0x00000000cdc00000| Complete 
| 221|0x00000000cdd00000, 0x00000000cde00000, 0x00000000cde00000|100%| S|CS|TAMS 0x00000000cdd00000, 0x00000000cdd00000| Complete 
| 222|0x00000000cde00000, 0x00000000cdf00000, 0x00000000cdf00000|100%| S|CS|TAMS 0x00000000cde00000, 0x00000000cde00000| Complete 
| 223|0x00000000cdf00000, 0x00000000cdf00000, 0x00000000ce000000|  0%| F|  |TAMS 0x00000000cdf00000, 0x00000000cdf00000| Untracked 
| 224|0x00000000ce000000, 0x00000000ce000000, 0x00000000ce100000|  0%| F|  |TAMS 0x00000000ce000000, 0x00000000ce000000| Untracked 
| 225|0x00000000ce100000, 0x00000000ce100000, 0x00000000ce200000|  0%| F|  |TAMS 0x00000000ce100000, 0x00000000ce100000| Untracked 
| 226|0x00000000ce200000, 0x00000000ce200000, 0x00000000ce300000|  0%| F|  |TAMS 0x00000000ce200000, 0x00000000ce200000| Untracked 
| 227|0x00000000ce300000, 0x00000000ce300000, 0x00000000ce400000|  0%| F|  |TAMS 0x00000000ce300000, 0x00000000ce300000| Untracked 
| 228|0x00000000ce400000, 0x00000000ce400000, 0x00000000ce500000|  0%| F|  |TAMS 0x00000000ce400000, 0x00000000ce400000| Untracked 
| 229|0x00000000ce500000, 0x00000000ce500000, 0x00000000ce600000|  0%| F|  |TAMS 0x00000000ce500000, 0x00000000ce500000| Untracked 
| 230|0x00000000ce600000, 0x00000000ce600000, 0x00000000ce700000|  0%| F|  |TAMS 0x00000000ce600000, 0x00000000ce600000| Untracked 
| 231|0x00000000ce700000, 0x00000000ce700000, 0x00000000ce800000|  0%| F|  |TAMS 0x00000000ce700000, 0x00000000ce700000| Untracked 
| 232|0x00000000ce800000, 0x00000000ce800000, 0x00000000ce900000|  0%| F|  |TAMS 0x00000000ce800000, 0x00000000ce800000| Untracked 
| 233|0x00000000ce900000, 0x00000000ce900000, 0x00000000cea00000|  0%| F|  |TAMS 0x00000000ce900000, 0x00000000ce900000| Untracked 
| 234|0x00000000cea00000, 0x00000000cea00000, 0x00000000ceb00000|  0%| F|  |TAMS 0x00000000cea00000, 0x00000000cea00000| Untracked 
| 235|0x00000000ceb00000, 0x00000000ceb00000, 0x00000000cec00000|  0%| F|  |TAMS 0x00000000ceb00000, 0x00000000ceb00000| Untracked 
| 236|0x00000000cec00000, 0x00000000cec00000, 0x00000000ced00000|  0%| F|  |TAMS 0x00000000cec00000, 0x00000000cec00000| Untracked 
| 237|0x00000000ced00000, 0x00000000ced00000, 0x00000000cee00000|  0%| F|  |TAMS 0x00000000ced00000, 0x00000000ced00000| Untracked 
| 238|0x00000000cee00000, 0x00000000cee00000, 0x00000000cef00000|  0%| F|  |TAMS 0x00000000cee00000, 0x00000000cee00000| Untracked 
| 239|0x00000000cef00000, 0x00000000cef00000, 0x00000000cf000000|  0%| F|  |TAMS 0x00000000cef00000, 0x00000000cef00000| Untracked 
| 240|0x00000000cf000000, 0x00000000cf000000, 0x00000000cf100000|  0%| F|  |TAMS 0x00000000cf000000, 0x00000000cf000000| Untracked 
| 241|0x00000000cf100000, 0x00000000cf100000, 0x00000000cf200000|  0%| F|  |TAMS 0x00000000cf100000, 0x00000000cf100000| Untracked 
| 242|0x00000000cf200000, 0x00000000cf200000, 0x00000000cf300000|  0%| F|  |TAMS 0x00000000cf200000, 0x00000000cf200000| Untracked 
| 243|0x00000000cf300000, 0x00000000cf300000, 0x00000000cf400000|  0%| F|  |TAMS 0x00000000cf300000, 0x00000000cf300000| Untracked 
| 244|0x00000000cf400000, 0x00000000cf400000, 0x00000000cf500000|  0%| F|  |TAMS 0x00000000cf400000, 0x00000000cf400000| Untracked 
| 245|0x00000000cf500000, 0x00000000cf500000, 0x00000000cf600000|  0%| F|  |TAMS 0x00000000cf500000, 0x00000000cf500000| Untracked 
| 246|0x00000000cf600000, 0x00000000cf600000, 0x00000000cf700000|  0%| F|  |TAMS 0x00000000cf600000, 0x00000000cf600000| Untracked 
| 247|0x00000000cf700000, 0x00000000cf700000, 0x00000000cf800000|  0%| F|  |TAMS 0x00000000cf700000, 0x00000000cf700000| Untracked 
| 248|0x00000000cf800000, 0x00000000cf800000, 0x00000000cf900000|  0%| F|  |TAMS 0x00000000cf800000, 0x00000000cf800000| Untracked 
| 249|0x00000000cf900000, 0x00000000cf900000, 0x00000000cfa00000|  0%| F|  |TAMS 0x00000000cf900000, 0x00000000cf900000| Untracked 
| 250|0x00000000cfa00000, 0x00000000cfa00000, 0x00000000cfb00000|  0%| F|  |TAMS 0x00000000cfa00000, 0x00000000cfa00000| Untracked 
| 251|0x00000000cfb00000, 0x00000000cfb00000, 0x00000000cfc00000|  0%| F|  |TAMS 0x00000000cfb00000, 0x00000000cfb00000| Untracked 
| 252|0x00000000cfc00000, 0x00000000cfc00000, 0x00000000cfd00000|  0%| F|  |TAMS 0x00000000cfc00000, 0x00000000cfc00000| Untracked 
| 253|0x00000000cfd00000, 0x00000000cfd00000, 0x00000000cfe00000|  0%| F|  |TAMS 0x00000000cfd00000, 0x00000000cfd00000| Untracked 
| 254|0x00000000cfe00000, 0x00000000cfe00000, 0x00000000cff00000|  0%| F|  |TAMS 0x00000000cfe00000, 0x00000000cfe00000| Untracked 
| 255|0x00000000cff00000, 0x00000000cff00000, 0x00000000d0000000|  0%| F|  |TAMS 0x00000000cff00000, 0x00000000cff00000| Untracked 
| 256|0x00000000d0000000, 0x00000000d0000000, 0x00000000d0100000|  0%| F|  |TAMS 0x00000000d0000000, 0x00000000d0000000| Untracked 
| 257|0x00000000d0100000, 0x00000000d0100000, 0x00000000d0200000|  0%| F|  |TAMS 0x00000000d0100000, 0x00000000d0100000| Untracked 
| 258|0x00000000d0200000, 0x00000000d0200000, 0x00000000d0300000|  0%| F|  |TAMS 0x00000000d0200000, 0x00000000d0200000| Untracked 
| 259|0x00000000d0300000, 0x00000000d0300000, 0x00000000d0400000|  0%| F|  |TAMS 0x00000000d0300000, 0x00000000d0300000| Untracked 
| 260|0x00000000d0400000, 0x00000000d0400000, 0x00000000d0500000|  0%| F|  |TAMS 0x00000000d0400000, 0x00000000d0400000| Untracked 
| 261|0x00000000d0500000, 0x00000000d0500000, 0x00000000d0600000|  0%| F|  |TAMS 0x00000000d0500000, 0x00000000d0500000| Untracked 
| 262|0x00000000d0600000, 0x00000000d0600000, 0x00000000d0700000|  0%| F|  |TAMS 0x00000000d0600000, 0x00000000d0600000| Untracked 
| 263|0x00000000d0700000, 0x00000000d0700000, 0x00000000d0800000|  0%| F|  |TAMS 0x00000000d0700000, 0x00000000d0700000| Untracked 
| 264|0x00000000d0800000, 0x00000000d0800000, 0x00000000d0900000|  0%| F|  |TAMS 0x00000000d0800000, 0x00000000d0800000| Untracked 
| 265|0x00000000d0900000, 0x00000000d0900000, 0x00000000d0a00000|  0%| F|  |TAMS 0x00000000d0900000, 0x00000000d0900000| Untracked 
| 266|0x00000000d0a00000, 0x00000000d0a00000, 0x00000000d0b00000|  0%| F|  |TAMS 0x00000000d0a00000, 0x00000000d0a00000| Untracked 
| 267|0x00000000d0b00000, 0x00000000d0b00000, 0x00000000d0c00000|  0%| F|  |TAMS 0x00000000d0b00000, 0x00000000d0b00000| Untracked 
| 268|0x00000000d0c00000, 0x00000000d0c00000, 0x00000000d0d00000|  0%| F|  |TAMS 0x00000000d0c00000, 0x00000000d0c00000| Untracked 
| 269|0x00000000d0d00000, 0x00000000d0d00000, 0x00000000d0e00000|  0%| F|  |TAMS 0x00000000d0d00000, 0x00000000d0d00000| Untracked 
| 270|0x00000000d0e00000, 0x00000000d0e00000, 0x00000000d0f00000|  0%| F|  |TAMS 0x00000000d0e00000, 0x00000000d0e00000| Untracked 
| 271|0x00000000d0f00000, 0x00000000d0f00000, 0x00000000d1000000|  0%| F|  |TAMS 0x00000000d0f00000, 0x00000000d0f00000| Untracked 
| 272|0x00000000d1000000, 0x00000000d1000000, 0x00000000d1100000|  0%| F|  |TAMS 0x00000000d1000000, 0x00000000d1000000| Untracked 
| 273|0x00000000d1100000, 0x00000000d1100000, 0x00000000d1200000|  0%| F|  |TAMS 0x00000000d1100000, 0x00000000d1100000| Untracked 
| 274|0x00000000d1200000, 0x00000000d1200000, 0x00000000d1300000|  0%| F|  |TAMS 0x00000000d1200000, 0x00000000d1200000| Untracked 
| 275|0x00000000d1300000, 0x00000000d1300000, 0x00000000d1400000|  0%| F|  |TAMS 0x00000000d1300000, 0x00000000d1300000| Untracked 
| 276|0x00000000d1400000, 0x00000000d1400000, 0x00000000d1500000|  0%| F|  |TAMS 0x00000000d1400000, 0x00000000d1400000| Untracked 
| 277|0x00000000d1500000, 0x00000000d1500000, 0x00000000d1600000|  0%| F|  |TAMS 0x00000000d1500000, 0x00000000d1500000| Untracked 
| 278|0x00000000d1600000, 0x00000000d1600000, 0x00000000d1700000|  0%| F|  |TAMS 0x00000000d1600000, 0x00000000d1600000| Untracked 
| 279|0x00000000d1700000, 0x00000000d1700000, 0x00000000d1800000|  0%| F|  |TAMS 0x00000000d1700000, 0x00000000d1700000| Untracked 
| 280|0x00000000d1800000, 0x00000000d1800000, 0x00000000d1900000|  0%| F|  |TAMS 0x00000000d1800000, 0x00000000d1800000| Untracked 
| 281|0x00000000d1900000, 0x00000000d1900000, 0x00000000d1a00000|  0%| F|  |TAMS 0x00000000d1900000, 0x00000000d1900000| Untracked 
| 282|0x00000000d1a00000, 0x00000000d1a00000, 0x00000000d1b00000|  0%| F|  |TAMS 0x00000000d1a00000, 0x00000000d1a00000| Untracked 
| 283|0x00000000d1b00000, 0x00000000d1b00000, 0x00000000d1c00000|  0%| F|  |TAMS 0x00000000d1b00000, 0x00000000d1b00000| Untracked 
| 284|0x00000000d1c00000, 0x00000000d1c00000, 0x00000000d1d00000|  0%| F|  |TAMS 0x00000000d1c00000, 0x00000000d1c00000| Untracked 
| 285|0x00000000d1d00000, 0x00000000d1d00000, 0x00000000d1e00000|  0%| F|  |TAMS 0x00000000d1d00000, 0x00000000d1d00000| Untracked 
| 286|0x00000000d1e00000, 0x00000000d1e00000, 0x00000000d1f00000|  0%| F|  |TAMS 0x00000000d1e00000, 0x00000000d1e00000| Untracked 
| 287|0x00000000d1f00000, 0x00000000d1f00000, 0x00000000d2000000|  0%| F|  |TAMS 0x00000000d1f00000, 0x00000000d1f00000| Untracked 
| 288|0x00000000d2000000, 0x00000000d2000000, 0x00000000d2100000|  0%| F|  |TAMS 0x00000000d2000000, 0x00000000d2000000| Untracked 
| 289|0x00000000d2100000, 0x00000000d2100000, 0x00000000d2200000|  0%| F|  |TAMS 0x00000000d2100000, 0x00000000d2100000| Untracked 
| 290|0x00000000d2200000, 0x00000000d2200000, 0x00000000d2300000|  0%| F|  |TAMS 0x00000000d2200000, 0x00000000d2200000| Untracked 
| 291|0x00000000d2300000, 0x00000000d2300000, 0x00000000d2400000|  0%| F|  |TAMS 0x00000000d2300000, 0x00000000d2300000| Untracked 
| 292|0x00000000d2400000, 0x00000000d2400000, 0x00000000d2500000|  0%| F|  |TAMS 0x00000000d2400000, 0x00000000d2400000| Untracked 
| 293|0x00000000d2500000, 0x00000000d2500000, 0x00000000d2600000|  0%| F|  |TAMS 0x00000000d2500000, 0x00000000d2500000| Untracked 
| 294|0x00000000d2600000, 0x00000000d2600000, 0x00000000d2700000|  0%| F|  |TAMS 0x00000000d2600000, 0x00000000d2600000| Untracked 
| 295|0x00000000d2700000, 0x00000000d2700000, 0x00000000d2800000|  0%| F|  |TAMS 0x00000000d2700000, 0x00000000d2700000| Untracked 
| 296|0x00000000d2800000, 0x00000000d2800000, 0x00000000d2900000|  0%| F|  |TAMS 0x00000000d2800000, 0x00000000d2800000| Untracked 
| 297|0x00000000d2900000, 0x00000000d2900000, 0x00000000d2a00000|  0%| F|  |TAMS 0x00000000d2900000, 0x00000000d2900000| Untracked 
| 298|0x00000000d2a00000, 0x00000000d2a00000, 0x00000000d2b00000|  0%| F|  |TAMS 0x00000000d2a00000, 0x00000000d2a00000| Untracked 
| 299|0x00000000d2b00000, 0x00000000d2b00000, 0x00000000d2c00000|  0%| F|  |TAMS 0x00000000d2b00000, 0x00000000d2b00000| Untracked 
| 300|0x00000000d2c00000, 0x00000000d2c00000, 0x00000000d2d00000|  0%| F|  |TAMS 0x00000000d2c00000, 0x00000000d2c00000| Untracked 
| 301|0x00000000d2d00000, 0x00000000d2d00000, 0x00000000d2e00000|  0%| F|  |TAMS 0x00000000d2d00000, 0x00000000d2d00000| Untracked 
| 302|0x00000000d2e00000, 0x00000000d2e00000, 0x00000000d2f00000|  0%| F|  |TAMS 0x00000000d2e00000, 0x00000000d2e00000| Untracked 
| 303|0x00000000d2f00000, 0x00000000d2f00000, 0x00000000d3000000|  0%| F|  |TAMS 0x00000000d2f00000, 0x00000000d2f00000| Untracked 
| 304|0x00000000d3000000, 0x00000000d3000000, 0x00000000d3100000|  0%| F|  |TAMS 0x00000000d3000000, 0x00000000d3000000| Untracked 
| 305|0x00000000d3100000, 0x00000000d3100000, 0x00000000d3200000|  0%| F|  |TAMS 0x00000000d3100000, 0x00000000d3100000| Untracked 
| 306|0x00000000d3200000, 0x00000000d3200000, 0x00000000d3300000|  0%| F|  |TAMS 0x00000000d3200000, 0x00000000d3200000| Untracked 
| 307|0x00000000d3300000, 0x00000000d3300000, 0x00000000d3400000|  0%| F|  |TAMS 0x00000000d3300000, 0x00000000d3300000| Untracked 
| 308|0x00000000d3400000, 0x00000000d3400000, 0x00000000d3500000|  0%| F|  |TAMS 0x00000000d3400000, 0x00000000d3400000| Untracked 
| 309|0x00000000d3500000, 0x00000000d3500000, 0x00000000d3600000|  0%| F|  |TAMS 0x00000000d3500000, 0x00000000d3500000| Untracked 
| 310|0x00000000d3600000, 0x00000000d3600000, 0x00000000d3700000|  0%| F|  |TAMS 0x00000000d3600000, 0x00000000d3600000| Untracked 
| 311|0x00000000d3700000, 0x00000000d3700000, 0x00000000d3800000|  0%| F|  |TAMS 0x00000000d3700000, 0x00000000d3700000| Untracked 
| 312|0x00000000d3800000, 0x00000000d3800000, 0x00000000d3900000|  0%| F|  |TAMS 0x00000000d3800000, 0x00000000d3800000| Untracked 
| 313|0x00000000d3900000, 0x00000000d3900000, 0x00000000d3a00000|  0%| F|  |TAMS 0x00000000d3900000, 0x00000000d3900000| Untracked 
| 314|0x00000000d3a00000, 0x00000000d3a00000, 0x00000000d3b00000|  0%| F|  |TAMS 0x00000000d3a00000, 0x00000000d3a00000| Untracked 
| 315|0x00000000d3b00000, 0x00000000d3b00000, 0x00000000d3c00000|  0%| F|  |TAMS 0x00000000d3b00000, 0x00000000d3b00000| Untracked 
| 316|0x00000000d3c00000, 0x00000000d3c00000, 0x00000000d3d00000|  0%| F|  |TAMS 0x00000000d3c00000, 0x00000000d3c00000| Untracked 
| 317|0x00000000d3d00000, 0x00000000d3d00000, 0x00000000d3e00000|  0%| F|  |TAMS 0x00000000d3d00000, 0x00000000d3d00000| Untracked 
| 318|0x00000000d3e00000, 0x00000000d3e00000, 0x00000000d3f00000|  0%| F|  |TAMS 0x00000000d3e00000, 0x00000000d3e00000| Untracked 
| 319|0x00000000d3f00000, 0x00000000d3f00000, 0x00000000d4000000|  0%| F|  |TAMS 0x00000000d3f00000, 0x00000000d3f00000| Untracked 
| 320|0x00000000d4000000, 0x00000000d4000000, 0x00000000d4100000|  0%| F|  |TAMS 0x00000000d4000000, 0x00000000d4000000| Untracked 
| 321|0x00000000d4100000, 0x00000000d4100000, 0x00000000d4200000|  0%| F|  |TAMS 0x00000000d4100000, 0x00000000d4100000| Untracked 
| 322|0x00000000d4200000, 0x00000000d4200000, 0x00000000d4300000|  0%| F|  |TAMS 0x00000000d4200000, 0x00000000d4200000| Untracked 
| 323|0x00000000d4300000, 0x00000000d4300000, 0x00000000d4400000|  0%| F|  |TAMS 0x00000000d4300000, 0x00000000d4300000| Untracked 
| 324|0x00000000d4400000, 0x00000000d4400000, 0x00000000d4500000|  0%| F|  |TAMS 0x00000000d4400000, 0x00000000d4400000| Untracked 

Card table byte_map: [0x000001cd647e0000,0x000001cd649e0000] _byte_map_base: 0x000001cd641e0000

Marking Bits (Prev, Next): (CMBitMap*) 0x000001cd5e678ed0, (CMBitMap*) 0x000001cd5e678f10
 Prev Bits: [0x000001cd64be0000, 0x000001cd65be0000)
 Next Bits: [0x000001cd65be0000, 0x000001cd66be0000)

Polling page: 0x000001cd5ddf0000

Metaspace:

Usage:
  Non-class:     38.64 MB used.
      Class:      5.89 MB used.
       Both:     44.53 MB used.

Virtual space:
  Non-class space:       64.00 MB reserved,      38.88 MB ( 61%) committed,  1 nodes.
      Class space:        1.00 GB reserved,       6.06 MB ( <1%) committed,  1 nodes.
             Both:        1.06 GB reserved,      44.94 MB (  4%) committed. 

Chunk freelists:
   Non-Class:  8.32 MB
       Class:  9.94 MB
        Both:  18.26 MB

MaxMetaspaceSize: unlimited
CompressedClassSpaceSize: 1.00 GB
Initial GC threshold: 21.00 MB
Current GC threshold: 74.94 MB
CDS: off
MetaspaceReclaimPolicy: balanced
 - commit_granule_bytes: 65536.
 - commit_granule_words: 8192.
 - virtual_space_node_default_size: 8388608.
 - enlarge_chunks_in_place: 1.
 - new_chunks_are_fully_committed: 0.
 - uncommit_free_chunks: 1.
 - use_allocation_guard: 0.
 - handle_deallocations: 1.


Internal statistics:

num_allocs_failed_limit: 8.
num_arena_births: 588.
num_arena_deaths: 0.
num_vsnodes_births: 2.
num_vsnodes_deaths: 0.
num_space_committed: 719.
num_space_uncommitted: 0.
num_chunks_returned_to_freelist: 8.
num_chunks_taken_from_freelist: 1918.
num_chunk_merges: 8.
num_chunk_splits: 1276.
num_chunks_enlarged: 931.
num_inconsistent_stats: 0.

CodeCache: size=49152Kb used=9891Kb max_used=9891Kb free=39260Kb
 bounds [0x000001cd612b0000, 0x000001cd61c60000, 0x000001cd642b0000]
 total_blobs=5469 nmethods=4868 adapters=526
 compilation: enabled
              stopped_count=0, restarted_count=0
 full_count=0

Compilation events (20 events):
Event: 9.982 Thread 0x000001cd69931410 4859       1       io.github.classgraph.MethodInfoList::<init> (5 bytes)
Event: 9.983 Thread 0x000001cd69931410 nmethod 4859 0x000001cd61c54d90 code [0x000001cd61c54f20, 0x000001cd61c55058]
Event: 10.351 Thread 0x000001cd6ef01500 4861       1       com.fasterxml.jackson.databind.util.internal.PrivateMaxEntriesMap::get (30 bytes)
Event: 10.351 Thread 0x000001cd69931410 4860       1       com.fasterxml.jackson.databind.util.LRUMap::get (9 bytes)
Event: 10.351 Thread 0x000001cd69931410 nmethod 4860 0x000001cd61c55110 code [0x000001cd61c552e0, 0x000001cd61c55508]
Event: 10.351 Thread 0x000001cd6ef01500 nmethod 4861 0x000001cd61c55710 code [0x000001cd61c558e0, 0x000001cd61c55b08]
Event: 10.351 Thread 0x000001cd69931410 4864       1       com.fasterxml.jackson.databind.type.TypeFactory::_fromClass (328 bytes)
Event: 10.351 Thread 0x000001cd6ef01500 4865       1       com.fasterxml.jackson.databind.type.TypeFactory::_findWellKnownSimple (75 bytes)
Event: 10.352 Thread 0x000001cd6ef01500 nmethod 4865 0x000001cd61c55d10 code [0x000001cd61c55ee0, 0x000001cd61c56178]
Event: 10.352 Thread 0x000001cd6ef01500 4862       1       com.fasterxml.jackson.databind.cfg.BaseSettings::getTypeFactory (5 bytes)
Event: 10.352 Thread 0x000001cd6ef01500 nmethod 4862 0x000001cd61c56210 code [0x000001cd61c563a0, 0x000001cd61c56478]
Event: 10.352 Thread 0x000001cd6ef01500 4863       1       com.fasterxml.jackson.databind.introspect.BasicBeanDescription::getClassInfo (5 bytes)
Event: 10.352 Thread 0x000001cd6ef01500 nmethod 4863 0x000001cd61c56510 code [0x000001cd61c566a0, 0x000001cd61c56778]
Event: 10.352 Thread 0x000001cd6ef01500 4866       1       com.sun.crypto.provider.GHASH::processBlocks (26 bytes)
Event: 10.353 Thread 0x000001cd6ef01500 nmethod 4866 0x000001cd61c56810 code [0x000001cd61c569a0, 0x000001cd61c56ac8]
Event: 10.353 Thread 0x000001cd6ef01500 4867       1       sun.security.ssl.TransportContext::isInboundClosed (8 bytes)
Event: 10.353 Thread 0x000001cd6ef01500 nmethod 4867 0x000001cd61c56b90 code [0x000001cd61c56d20, 0x000001cd61c56df8]
Event: 10.353 Thread 0x000001cd69931410 nmethod 4864 0x000001cd61c56e90 code [0x000001cd61c57200, 0x000001cd61c58178]
Event: 10.353 Thread 0x000001cd69931410 4868       1       com.sun.crypto.provider.AESCrypt::getBlockSize (3 bytes)
Event: 10.353 Thread 0x000001cd69931410 nmethod 4868 0x000001cd61c58b10 code [0x000001cd61c58ca0, 0x000001cd61c58d78]

GC Heap History (20 events):
Event: 9.331 GC heap after
{Heap after GC invocations=36 (full 0):
 garbage-first heap   total 331776K, used 168611K [0x00000000c0000000, 0x0000000100000000)
  region size 1024K, 13 young (13312K), 13 survivors (13312K)
 Metaspace       used 45595K, committed 46016K, reserved 1114112K
  class space    used 6032K, committed 6208K, reserved 1048576K
}
Event: 9.593 GC heap before
{Heap before GC invocations=37 (full 0):
 garbage-first heap   total 331776K, used 278179K [0x00000000c0000000, 0x0000000100000000)
  region size 1024K, 122 young (124928K), 13 survivors (13312K)
 Metaspace       used 45595K, committed 46016K, reserved 1114112K
  class space    used 6032K, committed 6208K, reserved 1048576K
}
Event: 9.599 GC heap after
{Heap after GC invocations=38 (full 0):
 garbage-first heap   total 331776K, used 173710K [0x00000000c0000000, 0x0000000100000000)
  region size 1024K, 12 young (12288K), 12 survivors (12288K)
 Metaspace       used 45595K, committed 46016K, reserved 1114112K
  class space    used 6032K, committed 6208K, reserved 1048576K
}
Event: 9.608 GC heap before
{Heap before GC invocations=38 (full 0):
 garbage-first heap   total 331776K, used 176782K [0x00000000c0000000, 0x0000000100000000)
  region size 1024K, 16 young (16384K), 12 survivors (12288K)
 Metaspace       used 45595K, committed 46016K, reserved 1114112K
  class space    used 6032K, committed 6208K, reserved 1048576K
}
Event: 9.612 GC heap after
{Heap after GC invocations=39 (full 0):
 garbage-first heap   total 331776K, used 172497K [0x00000000c0000000, 0x0000000100000000)
  region size 1024K, 2 young (2048K), 2 survivors (2048K)
 Metaspace       used 45595K, committed 46016K, reserved 1114112K
  class space    used 6032K, committed 6208K, reserved 1048576K
}
Event: 9.802 GC heap before
{Heap before GC invocations=39 (full 0):
 garbage-first heap   total 331776K, used 281041K [0x00000000c0000000, 0x0000000100000000)
  region size 1024K, 109 young (111616K), 2 survivors (2048K)
 Metaspace       used 45595K, committed 46016K, reserved 1114112K
  class space    used 6032K, committed 6208K, reserved 1048576K
}
Event: 9.805 GC heap after
{Heap after GC invocations=40 (full 0):
 garbage-first heap   total 331776K, used 174831K [0x00000000c0000000, 0x0000000100000000)
  region size 1024K, 5 young (5120K), 5 survivors (5120K)
 Metaspace       used 45595K, committed 46016K, reserved 1114112K
  class space    used 6032K, committed 6208K, reserved 1048576K
}
Event: 10.065 GC heap before
{Heap before GC invocations=41 (full 0):
 garbage-first heap   total 332800K, used 281327K [0x00000000c0000000, 0x0000000100000000)
  region size 1024K, 110 young (112640K), 5 survivors (5120K)
 Metaspace       used 45595K, committed 46016K, reserved 1114112K
  class space    used 6032K, committed 6208K, reserved 1048576K
}
Event: 10.069 GC heap after
{Heap after GC invocations=42 (full 0):
 garbage-first heap   total 332800K, used 179969K [0x00000000c0000000, 0x0000000100000000)
  region size 1024K, 10 young (10240K), 10 survivors (10240K)
 Metaspace       used 45595K, committed 46016K, reserved 1114112K
  class space    used 6032K, committed 6208K, reserved 1048576K
}
Event: 10.083 GC heap before
{Heap before GC invocations=42 (full 0):
 garbage-first heap   total 332800K, used 185089K [0x00000000c0000000, 0x0000000100000000)
  region size 1024K, 16 young (16384K), 10 survivors (10240K)
 Metaspace       used 45595K, committed 46016K, reserved 1114112K
  class space    used 6032K, committed 6208K, reserved 1048576K
}
Event: 10.089 GC heap after
{Heap after GC invocations=43 (full 0):
 garbage-first heap   total 332800K, used 178952K [0x00000000c0000000, 0x0000000100000000)
  region size 1024K, 2 young (2048K), 2 survivors (2048K)
 Metaspace       used 45595K, committed 46016K, reserved 1114112K
  class space    used 6032K, committed 6208K, reserved 1048576K
}
Event: 10.258 GC heap before
{Heap before GC invocations=43 (full 0):
 garbage-first heap   total 332800K, used 322312K [0x00000000c0000000, 0x0000000100000000)
  region size 1024K, 97 young (99328K), 2 survivors (2048K)
 Metaspace       used 45595K, committed 46016K, reserved 1114112K
  class space    used 6032K, committed 6208K, reserved 1048576K
}
Event: 10.260 GC heap after
{Heap after GC invocations=44 (full 0):
 garbage-first heap   total 332800K, used 181027K [0x00000000c0000000, 0x0000000100000000)
  region size 1024K, 4 young (4096K), 4 survivors (4096K)
 Metaspace       used 45595K, committed 46016K, reserved 1114112K
  class space    used 6032K, committed 6208K, reserved 1048576K
}
Event: 10.316 GC heap before
{Heap before GC invocations=44 (full 0):
 garbage-first heap   total 332800K, used 244515K [0x00000000c0000000, 0x0000000100000000)
  region size 1024K, 45 young (46080K), 4 survivors (4096K)
 Metaspace       used 45595K, committed 46016K, reserved 1114112K
  class space    used 6032K, committed 6208K, reserved 1048576K
}
Event: 10.318 GC heap after
{Heap after GC invocations=45 (full 0):
 garbage-first heap   total 332800K, used 183499K [0x00000000c0000000, 0x0000000100000000)
  region size 1024K, 5 young (5120K), 5 survivors (5120K)
 Metaspace       used 45595K, committed 46016K, reserved 1114112K
  class space    used 6032K, committed 6208K, reserved 1048576K
}
Event: 10.328 GC heap before
{Heap before GC invocations=45 (full 0):
 garbage-first heap   total 332800K, used 210123K [0x00000000c0000000, 0x0000000100000000)
  region size 1024K, 10 young (10240K), 5 survivors (5120K)
 Metaspace       used 45595K, committed 46016K, reserved 1114112K
  class space    used 6032K, committed 6208K, reserved 1048576K
}
Event: 10.330 GC heap after
{Heap after GC invocations=46 (full 0):
 garbage-first heap   total 332800K, used 183768K [0x00000000c0000000, 0x0000000100000000)
  region size 1024K, 6 young (6144K), 6 survivors (6144K)
 Metaspace       used 45595K, committed 46016K, reserved 1114112K
  class space    used 6032K, committed 6208K, reserved 1048576K
}
Event: 10.337 GC heap before
{Heap before GC invocations=46 (full 0):
 garbage-first heap   total 332800K, used 210392K [0x00000000c0000000, 0x0000000100000000)
  region size 1024K, 10 young (10240K), 6 survivors (6144K)
 Metaspace       used 45595K, committed 46016K, reserved 1114112K
  class space    used 6032K, committed 6208K, reserved 1048576K
}
Event: 10.339 GC heap after
{Heap after GC invocations=47 (full 0):
 garbage-first heap   total 332800K, used 184648K [0x00000000c0000000, 0x0000000100000000)
  region size 1024K, 6 young (6144K), 6 survivors (6144K)
 Metaspace       used 45595K, committed 46016K, reserved 1114112K
  class space    used 6032K, committed 6208K, reserved 1048576K
}
Event: 10.526 GC heap before
{Heap before GC invocations=47 (full 0):
 garbage-first heap   total 332800K, used 288072K [0x00000000c0000000, 0x0000000100000000)
  region size 1024K, 102 young (104448K), 6 survivors (6144K)
 Metaspace       used 45602K, committed 46016K, reserved 1114112K
  class space    used 6032K, committed 6208K, reserved 1048576K
}

Dll operation events (8 events):
Event: 0.013 Loaded shared library c:\Users\HaribabuChinthakunta\.vscode\extensions\redhat.java-1.21.0-win32-x64\jre\17.0.7-win32-x86_64\bin\java.dll
Event: 0.317 Loaded shared library C:\Users\HaribabuChinthakunta\.vscode\extensions\redhat.java-1.21.0-win32-x64\jre\17.0.7-win32-x86_64\bin\net.dll
Event: 0.321 Loaded shared library C:\Users\HaribabuChinthakunta\.vscode\extensions\redhat.java-1.21.0-win32-x64\jre\17.0.7-win32-x86_64\bin\nio.dll
Event: 0.333 Loaded shared library C:\Users\HaribabuChinthakunta\.vscode\extensions\redhat.java-1.21.0-win32-x64\jre\17.0.7-win32-x86_64\bin\zip.dll
Event: 0.778 Loaded shared library C:\Users\HaribabuChinthakunta\.vscode\extensions\redhat.java-1.21.0-win32-x64\jre\17.0.7-win32-x86_64\bin\jimage.dll
Event: 5.166 Loaded shared library C:\Users\HaribabuChinthakunta\.vscode\extensions\redhat.java-1.21.0-win32-x64\jre\17.0.7-win32-x86_64\bin\management.dll
Event: 5.172 Loaded shared library C:\Users\HaribabuChinthakunta\.vscode\extensions\redhat.java-1.21.0-win32-x64\jre\17.0.7-win32-x86_64\bin\management_ext.dll
Event: 6.863 Loaded shared library C:\Users\HaribabuChinthakunta\.vscode\extensions\redhat.java-1.21.0-win32-x64\jre\17.0.7-win32-x86_64\bin\sunmscapi.dll

Deoptimization events (12 events):
Event: 3.049 Thread 0x000001cd5e639d30 DEOPT PACKING pc=0x000001cd616f7b99 sp=0x0000007b7fdfd150
Event: 3.049 Thread 0x000001cd5e639d30 DEOPT UNPACKING pc=0x000001cd61307143 sp=0x0000007b7fdfc630 mode 3
Event: 5.565 Thread 0x000001cd6e5a0810 DEOPT PACKING pc=0x000001cd619861b5 sp=0x0000007b020fd0e0
Event: 5.565 Thread 0x000001cd6e5a0810 DEOPT UNPACKING pc=0x000001cd61307143 sp=0x0000007b020fc608 mode 3
Event: 5.575 Thread 0x000001cd6e631020 DEOPT PACKING pc=0x000001cd616a6081 sp=0x0000007b01ffd740
Event: 5.575 Thread 0x000001cd6e631020 DEOPT UNPACKING pc=0x000001cd61307143 sp=0x0000007b01ffcbd0 mode 3
Event: 5.577 Thread 0x000001cd6e5a0810 DEOPT PACKING pc=0x000001cd61681117 sp=0x0000007b020fed10
Event: 5.577 Thread 0x000001cd6e5a0810 DEOPT UNPACKING pc=0x000001cd61307143 sp=0x0000007b020fe168 mode 3
Event: 5.712 Thread 0x000001cd6e5a0ce0 DEOPT PACKING pc=0x000001cd619a392b sp=0x0000007b024fe3a0
Event: 5.712 Thread 0x000001cd6e5a0ce0 DEOPT UNPACKING pc=0x000001cd61307143 sp=0x0000007b024fd8e8 mode 3
Event: 6.642 Thread 0x000001cd6f5c8840 DEOPT PACKING pc=0x000001cd6141670c sp=0x0000007b03cfea30
Event: 6.642 Thread 0x000001cd6f5c8840 DEOPT UNPACKING pc=0x000001cd61307143 sp=0x0000007b03cfdef8 mode 0

Classes unloaded (0 events):
No events

Classes redefined (0 events):
No events

Internal exceptions (20 events):
Event: 9.755 Thread 0x000001cd6f5cc6d0 Exception <a 'sun/nio/fs/WindowsException'{0x00000000cf35b548}> (0x00000000cf35b548) 
thrown [s\src\hotspot\share\prims\jni.cpp, line 516]
Event: 9.755 Thread 0x000001cd6e682220 Exception <a 'sun/nio/fs/WindowsException'{0x00000000cf1246d0}> (0x00000000cf1246d0) 
thrown [s\src\hotspot\share\prims\jni.cpp, line 516]
Event: 9.755 Thread 0x000001cd6e6826f0 Exception <a 'sun/nio/fs/WindowsException'{0x00000000cf24a270}> (0x00000000cf24a270) 
thrown [s\src\hotspot\share\prims\jni.cpp, line 516]
Event: 9.755 Thread 0x000001cd6e6813b0 Exception <a 'sun/nio/fs/WindowsException'{0x00000000cf01e648}> (0x00000000cf01e648) 
thrown [s\src\hotspot\share\prims\jni.cpp, line 516]
Event: 9.755 Thread 0x000001cd6e6826f0 Exception <a 'sun/nio/fs/WindowsException'{0x00000000cf24a710}> (0x00000000cf24a710) 
thrown [s\src\hotspot\share\prims\jni.cpp, line 516]
Event: 9.755 Thread 0x000001cd6e6813b0 Exception <a 'sun/nio/fs/WindowsException'{0x00000000cf01ebc8}> (0x00000000cf01ebc8) 
thrown [s\src\hotspot\share\prims\jni.cpp, line 516]
Event: 9.755 Thread 0x000001cd6e682220 Exception <a 'sun/nio/fs/WindowsException'{0x00000000cf12bfd0}> (0x00000000cf12bfd0) 
thrown [s\src\hotspot\share\prims\jni.cpp, line 516]
Event: 9.755 Thread 0x000001cd6e682220 Exception <a 'sun/nio/fs/WindowsException'{0x00000000cf12c570}> (0x00000000cf12c570) 
thrown [s\src\hotspot\share\prims\jni.cpp, line 516]
Event: 9.755 Thread 0x000001cd6e6813b0 Exception <a 'sun/nio/fs/WindowsException'{0x00000000cf04aa40}> (0x00000000cf04aa40) 
thrown [s\src\hotspot\share\prims\jni.cpp, line 516]
Event: 9.755 Thread 0x000001cd6e6813b0 Exception <a 'sun/nio/fs/WindowsException'{0x00000000cf04af50}> (0x00000000cf04af50) 
thrown [s\src\hotspot\share\prims\jni.cpp, line 516]
Event: 9.755 Thread 0x000001cd6f5cfbc0 Exception <a 'sun/nio/fs/WindowsException'{0x00000000cf1e16f0}> (0x00000000cf1e16f0) 
thrown [s\src\hotspot\share\prims\jni.cpp, line 516]
Event: 9.756 Thread 0x000001cd6f5cfbc0 Exception <a 'sun/nio/fs/WindowsException'{0x00000000cf1e1ba0}> (0x00000000cf1e1ba0) 
thrown [s\src\hotspot\share\prims\jni.cpp, line 516]
Event: 9.756 Thread 0x000001cd6f5cfbc0 Exception <a 'sun/nio/fs/WindowsException'{0x00000000cf1e2880}> (0x00000000cf1e2880) 
thrown [s\src\hotspot\share\prims\jni.cpp, line 516]
Event: 9.756 Thread 0x000001cd6f5cfbc0 Exception <a 'sun/nio/fs/WindowsException'{0x00000000cf1e2d80}> (0x00000000cf1e2d80) 
thrown [s\src\hotspot\share\prims\jni.cpp, line 516]
Event: 9.760 Thread 0x000001cd6f5cc6d0 Exception <a 'sun/nio/fs/WindowsException'{0x00000000ceb49190}> (0x00000000ceb49190) 
thrown [s\src\hotspot\share\prims\jni.cpp, line 516]
Event: 9.760 Thread 0x000001cd6e6826f0 Exception <a 'sun/nio/fs/WindowsException'{0x00000000ceb15318}> (0x00000000ceb15318) 
thrown [s\src\hotspot\share\prims\jni.cpp, line 516]
Event: 9.760 Thread 0x000001cd6f5cc6d0 Exception <a 'sun/nio/fs/WindowsException'{0x00000000ceb496a0}> (0x00000000ceb496a0) 
thrown [s\src\hotspot\share\prims\jni.cpp, line 516]
Event: 9.760 Thread 0x000001cd6e6826f0 Exception <a 'sun/nio/fs/WindowsException'{0x00000000ceb15848}> (0x00000000ceb15848) 
thrown [s\src\hotspot\share\prims\jni.cpp, line 516]
Event: 9.760 Thread 0x000001cd6f5cc6d0 Exception <a 'sun/nio/fs/WindowsException'{0x00000000ceb4a388}> (0x00000000ceb4a388) 
thrown [s\src\hotspot\share\prims\jni.cpp, line 516]
Event: 9.760 Thread 0x000001cd6f5cc6d0 Exception <a 'sun/nio/fs/WindowsException'{0x00000000ceb4a880}> (0x00000000ceb4a880) 
thrown [s\src\hotspot\share\prims\jni.cpp, line 516]

VM Operations (20 events):
Event: 9.896 Executing VM operation: G1Concurrent done
Event: 10.065 Executing VM operation: G1CollectForAllocation
Event: 10.069 Executing VM operation: G1CollectForAllocation done
Event: 10.083 Executing VM operation: G1CollectForAllocation
Event: 10.089 Executing VM operation: G1CollectForAllocation done
Event: 10.258 Executing VM operation: G1CollectForAllocation
Event: 10.258 Executing VM operation: G1CollectForAllocation done
Event: 10.258 Executing VM operation: G1CollectForAllocation
Event: 10.260 Executing VM operation: G1CollectForAllocation done
Event: 10.316 Executing VM operation: G1TryInitiateConcMark
Event: 10.318 Executing VM operation: G1TryInitiateConcMark done
Event: 10.327 Executing VM operation: G1TryInitiateConcMark
Event: 10.328 Executing VM operation: G1TryInitiateConcMark done
Event: 10.328 Executing VM operation: G1TryInitiateConcMark
Event: 10.330 Executing VM operation: G1TryInitiateConcMark done
Event: 10.336 Executing VM operation: G1TryInitiateConcMark
Event: 10.339 Executing VM operation: G1TryInitiateConcMark done
Event: 10.525 Executing VM operation: G1CollectForAllocation
Event: 10.526 Executing VM operation: G1CollectForAllocation done
Event: 10.526 Executing VM operation: G1CollectForAllocation

Events (20 events):
Event: 9.078 loading class sun/security/provider/certpath/OCSP$RevocationStatus done
Event: 9.078 loading class sun/security/provider/certpath/OCSPResponse$SingleResponse done
Event: 9.078 loading class sun/security/provider/certpath/CertId
Event: 9.078 loading class sun/security/provider/certpath/CertId done
Event: 9.078 loading class sun/security/provider/certpath/OCSP$RevocationStatus$CertStatus
Event: 9.078 loading class sun/security/provider/certpath/OCSP$RevocationStatus$CertStatus done
Event: 9.089 loading class sun/security/ssl/CertificateVerify$T13CertificateVerifyMessage
Event: 9.089 loading class sun/security/ssl/CertificateVerify$T13CertificateVerifyMessage done
Event: 9.090 loading class sun/security/rsa/MGF1
Event: 9.090 loading class sun/security/rsa/MGF1 done
Event: 9.090 loading class sun/security/ssl/SSLBasicKeyDerivation
Event: 9.090 loading class sun/security/ssl/SSLBasicKeyDerivation done
Event: 9.091 loading class sun/security/ssl/SSLBasicKeyDerivation$SecretSizeSpec
Event: 9.091 loading class sun/security/ssl/SSLBasicKeyDerivation$SecretSizeSpec done
Event: 9.095 Thread 0x000001cd6f5c9b80 Thread added: 0x000001cd6f5c9b80
Event: 9.107 Thread 0x000001cd6f5c9b80 Thread exited: 0x000001cd6f5c9b80
Event: 10.349 loading class sun/security/ssl/PostHandshakeContext
Event: 10.350 loading class sun/security/ssl/PostHandshakeContext done
Event: 10.350 loading class sun/security/ssl/NewSessionTicket$T13NewSessionTicketMessage
Event: 10.350 loading class sun/security/ssl/NewSessionTicket$T13NewSessionTicketMessage done


Dynamic libraries:
0x00007ff6d1ac0000 - 0x00007ff6d1ace000 	c:\Users\HaribabuChinthakunta\.vscode\extensions\redhat.java-1.21.0-win32-x64\jre\17.0.7-win32-x86_64\bin\java.exe
0x00007ffb4cfd0000 - 0x00007ffb4d1c8000 	C:\WINDOWS\SYSTEM32\ntdll.dll
0x00007ffb4b440000 - 0x00007ffb4b4ff000 	C:\WINDOWS\System32\KERNEL32.DLL
0x00007ffb4a6b0000 - 0x00007ffb4a9a6000 	C:\WINDOWS\System32\KERNELBASE.dll
0x00007ffb47490000 - 0x00007ffb47521000 	C:\WINDOWS\SYSTEM32\apphelp.dll
0x00007ffb4aa50000 - 0x00007ffb4ab50000 	C:\WINDOWS\System32\ucrtbase.dll
0x00007ffb38b30000 - 0x00007ffb38b47000 	c:\Users\HaribabuChinthakunta\.vscode\extensions\redhat.java-1.21.0-win32-x64\jre\17.0.7-win32-x86_64\bin\jli.dll
0x00007ffb4c750000 - 0x00007ffb4c8ed000 	C:\WINDOWS\System32\USER32.dll
0x00007ffb4ab50000 - 0x00007ffb4ab72000 	C:\WINDOWS\System32\win32u.dll
0x00007ffb4bdc0000 - 0x00007ffb4bdec000 	C:\WINDOWS\System32\GDI32.dll
0x00007ffb4ace0000 - 0x00007ffb4adf5000 	C:\WINDOWS\System32\gdi32full.dll
0x00007ffb4a9b0000 - 0x00007ffb4aa4d000 	C:\WINDOWS\System32\msvcp_win.dll
0x00007ffb38bd0000 - 0x00007ffb38be9000 	c:\Users\HaribabuChinthakunta\.vscode\extensions\redhat.java-1.21.0-win32-x64\jre\17.0.7-win32-x86_64\bin\VCRUNTIME140.dll
0x00007ffb36460000 - 0x00007ffb366fa000 	C:\WINDOWS\WinSxS\amd64_microsoft.windows.common-controls_6595b64144ccf1df_6.0.19041.1110_none_60b5254171f9507e\COMCTL32.dll
0x00007ffb4b150000 - 0x00007ffb4b1ee000 	C:\WINDOWS\System32\msvcrt.dll
0x00007ffb4cda0000 - 0x00007ffb4cdd0000 	C:\WINDOWS\System32\IMM32.DLL
0x00007ffb451a0000 - 0x00007ffb451ac000 	c:\Users\HaribabuChinthakunta\.vscode\extensions\redhat.java-1.21.0-win32-x64\jre\17.0.7-win32-x86_64\bin\vcruntime140_1.dll
0x00007ffb1bdc0000 - 0x00007ffb1be51000 	c:\Users\HaribabuChinthakunta\.vscode\extensions\redhat.java-1.21.0-win32-x64\jre\17.0.7-win32-x86_64\bin\msvcp140.dll
0x00007ffb03ff0000 - 0x00007ffb04c38000 	c:\Users\HaribabuChinthakunta\.vscode\extensions\redhat.java-1.21.0-win32-x64\jre\17.0.7-win32-x86_64\bin\server\jvm.dll
0x00007ffb4b1f0000 - 0x00007ffb4b29f000 	C:\WINDOWS\System32\ADVAPI32.dll
0x00007ffb4c8f0000 - 0x00007ffb4c98c000 	C:\WINDOWS\System32\sechost.dll
0x00007ffb4cdd0000 - 0x00007ffb4cef6000 	C:\WINDOWS\System32\RPCRT4.dll
0x00007ffb04ca0000 - 0x00007ffb04ca9000 	C:\WINDOWS\SYSTEM32\WSOCK32.dll
0x00007ffb4c550000 - 0x00007ffb4c5bb000 	C:\WINDOWS\System32\WS2_32.dll
0x00007ffb402b0000 - 0x00007ffb402ba000 	C:\WINDOWS\SYSTEM32\VERSION.dll
0x00007ffb480e0000 - 0x00007ffb48107000 	C:\WINDOWS\SYSTEM32\WINMM.dll
0x00007ffb48e00000 - 0x00007ffb48e12000 	C:\WINDOWS\SYSTEM32\kernel.appcore.dll
0x00007ffb45170000 - 0x00007ffb4517a000 	c:\Users\HaribabuChinthakunta\.vscode\extensions\redhat.java-1.21.0-win32-x64\jre\17.0.7-win32-x86_64\bin\jimage.dll
0x00007ffb47d40000 - 0x00007ffb47f24000 	C:\WINDOWS\SYSTEM32\DBGHELP.DLL
0x00007ffb47f30000 - 0x00007ffb47f64000 	C:\WINDOWS\SYSTEM32\dbgcore.DLL
0x00007ffb4aef0000 - 0x00007ffb4af72000 	C:\WINDOWS\System32\bcryptPrimitives.dll
0x00007ffb1c260000 - 0x00007ffb1c285000 	c:\Users\HaribabuChinthakunta\.vscode\extensions\redhat.java-1.21.0-win32-x64\jre\17.0.7-win32-x86_64\bin\java.dll
0x00007ffb37350000 - 0x00007ffb37368000 	c:\Users\HaribabuChinthakunta\.vscode\extensions\redhat.java-1.21.0-win32-x64\jre\17.0.7-win32-x86_64\bin\zip.dll
0x00007ffb4b560000 - 0x00007ffb4bca4000 	C:\WINDOWS\System32\SHELL32.dll
0x00007ffb48410000 - 0x00007ffb48ba4000 	C:\WINDOWS\SYSTEM32\windows.storage.dll
0x00007ffb4ca40000 - 0x00007ffb4cd94000 	C:\WINDOWS\System32\combase.dll
0x00007ffb49f40000 - 0x00007ffb49f6e000 	C:\WINDOWS\SYSTEM32\Wldp.dll
0x00007ffb4c5c0000 - 0x00007ffb4c66d000 	C:\WINDOWS\System32\SHCORE.dll
0x00007ffb4b500000 - 0x00007ffb4b555000 	C:\WINDOWS\System32\shlwapi.dll
0x00007ffb4a5e0000 - 0x00007ffb4a605000 	C:\WINDOWS\SYSTEM32\profapi.dll
0x00007ffb36fb0000 - 0x00007ffb36fc9000 	C:\Users\HaribabuChinthakunta\.vscode\extensions\redhat.java-1.21.0-win32-x64\jre\17.0.7-win32-x86_64\bin\net.dll
0x00007ffb495e0000 - 0x00007ffb496ea000 	C:\WINDOWS\SYSTEM32\WINHTTP.dll
0x00007ffb49d20000 - 0x00007ffb49d8a000 	C:\WINDOWS\system32\mswsock.dll
0x00007ffb32ca0000 - 0x00007ffb32cb5000 	C:\Users\HaribabuChinthakunta\.vscode\extensions\redhat.java-1.21.0-win32-x64\jre\17.0.7-win32-x86_64\bin\nio.dll
0x00007ffb49f80000 - 0x00007ffb49f98000 	C:\WINDOWS\SYSTEM32\CRYPTSP.dll
0x00007ffb49550000 - 0x00007ffb49584000 	C:\WINDOWS\system32\rsaenh.dll
0x00007ffb4aec0000 - 0x00007ffb4aee7000 	C:\WINDOWS\System32\bcrypt.dll
0x00007ffb4a5a0000 - 0x00007ffb4a5ce000 	C:\WINDOWS\SYSTEM32\USERENV.dll
0x00007ffb49eb0000 - 0x00007ffb49ebc000 	C:\WINDOWS\SYSTEM32\CRYPTBASE.dll
0x00007ffb49a30000 - 0x00007ffb49a6c000 	C:\WINDOWS\SYSTEM32\IPHLPAPI.DLL
0x00007ffb4b2a0000 - 0x00007ffb4b2a8000 	C:\WINDOWS\System32\NSI.dll
0x00007ffb435d0000 - 0x00007ffb435e7000 	C:\WINDOWS\SYSTEM32\dhcpcsvc6.DLL
0x00007ffb435b0000 - 0x00007ffb435cd000 	C:\WINDOWS\SYSTEM32\dhcpcsvc.DLL
0x00007ffb49a70000 - 0x00007ffb49b3a000 	C:\WINDOWS\SYSTEM32\DNSAPI.dll
0x00007ffb29230000 - 0x00007ffb29239000 	C:\Users\HaribabuChinthakunta\.vscode\extensions\redhat.java-1.21.0-win32-x64\jre\17.0.7-win32-x86_64\bin\management.dll
0x00007ffb291e0000 - 0x00007ffb291eb000 	C:\Users\HaribabuChinthakunta\.vscode\extensions\redhat.java-1.21.0-win32-x64\jre\17.0.7-win32-x86_64\bin\management_ext.dll
0x00007ffb4bcd0000 - 0x00007ffb4bcd8000 	C:\WINDOWS\System32\PSAPI.DLL
0x00007ffb2d4e0000 - 0x00007ffb2d4ee000 	C:\Users\HaribabuChinthakunta\.vscode\extensions\redhat.java-1.21.0-win32-x64\jre\17.0.7-win32-x86_64\bin\sunmscapi.dll
0x00007ffb4ab80000 - 0x00007ffb4acde000 	C:\WINDOWS\System32\CRYPT32.dll
0x00007ffb4a0f0000 - 0x00007ffb4a118000 	C:\WINDOWS\SYSTEM32\ncrypt.dll
0x00007ffb4a0b0000 - 0x00007ffb4a0eb000 	C:\WINDOWS\SYSTEM32\NTASN1.dll
0x00007ffb3d490000 - 0x00007ffb3d49a000 	C:\Windows\System32\rasadhlp.dll
0x00007ffb42250000 - 0x00007ffb422d2000 	C:\WINDOWS\System32\fwpuclnt.dll

dbghelp: loaded successfully - version: 4.0.5 - missing functions: none
symbol engine: initialized successfully - sym options: 0x614 - pdb path: .;c:\Users\HaribabuChinthakunta\.vscode\extensions\redhat.java-1.21.0-win32-x64\jre\17.0.7-win32-x86_64\bin;C:\WINDOWS\SYSTEM32;C:\WINDOWS\WinSxS\amd64_microsoft.windows.common-controls_6595b64144ccf1df_6.0.19041.1110_none_60b5254171f9507e;c:\Users\HaribabuChinthakunta\.vscode\extensions\redhat.java-1.21.0-win32-x64\jre\17.0.7-win32-x86_64\bin\server

VM Arguments:
jvm_args: -XX:+HeapDumpOnOutOfMemoryError -Xmx1024m -Dsts.lsp.client=vscode -Dsts.log.file=/dev/null -XX:TieredStopAtLevel=1 -Xlog:jni+resolve=off -Dspring.config.location=file:c:\Users\HaribabuChinthakunta\.vscode\extensions\vmware.vscode-spring-boot-1.48.0\language-server\BOOT-INF\classes\application.properties 
java_command: org.springframework.ide.vscode.boot.app.BootLanguageServerBootApp
java_class_path (initial): c:\Users\HaribabuChinthakunta\.vscode\extensions\vmware.vscode-spring-boot-1.48.0\language-server\BOOT-INF\classes;c:\Users\HaribabuChinthakunta\.vscode\extensions\vmware.vscode-spring-boot-1.48.0\language-server\BOOT-INF\lib\annotations-24.0.1.jar;c:\Users\HaribabuChinthakunta\.vscode\extensions\vmware.vscode-spring-boot-1.48.0\language-server\BOOT-INF\lib\antlr-runtime-3.5.3.jar;c:\Users\HaribabuChinthakunta\.vscode\extensions\vmware.vscode-spring-boot-1.48.0\language-server\BOOT-INF\lib\antlr4-4.11.1.jar;c:\Users\HaribabuChinthakunta\.vscode\extensions\vmware.vscode-spring-boot-1.48.0\language-server\BOOT-INF\lib\antlr4-runtime-4.11.1.jar;c:\Users\HaribabuChinthakunta\.vscode\extensions\vmware.vscode-spring-boot-1.48.0\language-server\BOOT-INF\lib\archunit-1.0.1.jar;c:\Users\HaribabuChinthakunta\.vscode\extensions\vmware.vscode-spring-boot-1.48.0\language-server\BOOT-INF\lib\asm-9.5.jar;c:\Users\HaribabuChinthakunta\.vscode\extensions\vmware.vscode-spring-boot-1.48.0\language-server\BOOT-INF\lib\asm-analysis-9.5.jar;c:\Users\HaribabuChinthakunta\.vscode\extensions\vmware.vscode-spring-boot-1.48.0\language-server\BOOT-INF\lib\asm-tree-9.5.jar;c:\Users\HaribabuChinthakunta\.vscode\extensions\vmware.vscode-spring-boot-1.48.0\language-server\BOOT-INF\lib\asm-util-9.5.jar;c:\Users\HaribabuChinthakunta\.vscode\extensions\vmware.vscode-spring-boot-1.48.0\language-server\BOOT-INF\lib\bosh-language-server-1.48.0-SNAPSHOT.jar;c:\Users\HaribabuChinthakunta\.vscode\extensions\vmware.vscode-spring-boot-1.48.0\language-server\BOOT-INF\lib\caffeine-3.1.6.jar;c:\Users\HaribabuChinthakunta\.vscode\extensions\vmware.vscode-spring-boot-1.48.0\language-server\BOOT-INF\lib\checker-qual-3.12.0.jar;c:\Users\HaribabuChinthakunta\.vscode\extensions\vmware.vscode-spring-boot-1.48.0\language-server\BOOT-INF\lib\classgraph-4.8.149.jar;c:\Users\HaribabuChinthakunta\.vscode\extensions\vmware.vscode-spring-boot-1.48.0\language-server\BOOT-INF\lib\commons-codec-1.15
Launcher Type: SUN_STANDARD

[Global flags]
     intx CICompilerCount                          = 4                                         {product} {ergonomic}
     uint ConcGCThreads                            = 3                                         {product} {ergonomic}
     uint G1ConcRefinementThreads                  = 10                                        {product} {ergonomic}
   size_t G1HeapRegionSize                         = 1048576                                   {product} {ergonomic}
    uintx GCDrainStackTargetSize                   = 64                                        {product} {ergonomic}
     bool HeapDumpOnOutOfMemoryError               = true                                   {manageable} {command line}
   size_t InitialHeapSize                          = 249561088                                 {product} {ergonomic}
   size_t MarkStackSize                            = 4194304                                   {product} {ergonomic}
   size_t MaxHeapSize                              = 1073741824                                {product} {command line}
   size_t MaxNewSize                               = 643825664                                 {product} {ergonomic}
   size_t MinHeapDeltaBytes                        = 1048576                                   {product} {ergonomic}
   size_t MinHeapSize                              = 8388608                                   {product} {ergonomic}
    uintx NonProfiledCodeHeapSize                  = 0                                      {pd product} {ergonomic}
     bool ProfileInterpreter                       = false                                  {pd product} {command line}
    uintx ProfiledCodeHeapSize                     = 0                                      {pd product} {ergonomic}
   size_t SoftMaxHeapSize                          = 1073741824                             {manageable} {ergonomic}
     intx TieredStopAtLevel                        = 1                                         {product} {command line}
     bool UseCompressedClassPointers               = true                           {product lp64_product} {ergonomic}
     bool UseCompressedOops                        = true                           {product lp64_product} {ergonomic}
     bool UseG1GC                                  = true                                      {product} {ergonomic}
     bool UseLargePagesIndividualAllocation        = false                                  {pd product} {ergonomic}

Logging:
Log output configuration:
 #0: stdout all=warning,jni+resolve=off uptime,level,tags
 #1: stderr all=off uptime,level,tags

Environment Variables:
JAVA_HOME=C:\Program Files\Java\jdk-18
CLASSPATH=C:\Program Files\Java\jdk-18.0.1\bin
PATH=C:\Users\HaribabuChinthakunta\Downloads\apache-maven-3.8.6\bin;C:\Program Files\nodejs\;C:\Program Files\nodejs\node_modules\npm\bin;C:\Spark\bin;C:\Windows\System32\;C:\apache-cassandra-4.0.7\bin;C:\Program Files\dotnet\;C:\Users\HaribabuChinthakunta\Downloads\openssl-0.9.8k_X64\bin;C:\Program Files (x86)\PuTTY\;C:\apache-cassandra-4.1.0\bin;C:\Program Files\Docker\Docker\resources\bin;C:\minikube;C:\Windows\System32\OpenSSH;C:\Windows\System32\WindowsPowerShell\v1.0;C:\windows-amd64;C:\Users\HaribabuChinthakunta\AppData\Local\Programs\Python\Python311\Scripts\;C:\Users\HaribabuChinthakunta\AppData\Local\Programs\Python\Python311\;C:\Program Files\Java\jdk-18\bin;C:\Users\HaribabuChinthakunta\AppData\Local\Programs\Microsoft VS Code\bin;C:\Users\HaribabuChinthakunta\AppData\Local\Programs\mongosh\;C:\Program Files\JetBrains\IntelliJ IDEA Community Edition 2022.3\bin;C:\Program Files\apache-cassandra-4.0.6\bin;C:\Windows\System32\wbem\;C:\Users\HaribabuChinthakunta\AppData\Roaming\npm;C:\Spark\bin;C:\Windows\System32\;C:\Program Files\Java\jdk-20bin\keytool.exe;C:\Users\HaribabuChinthakunta\Downloads\sqlite-tools-win32-x86-3410000;C:\Users\HaribabuChinthakunta\AppData\Local\Coursier\data\bin;C:\Users\HaribabuChinthakunta\AppData\Local\Coursier\data\bin;C:\Spark\bin;C:\Users\HaribabuChinthakunta\Downloads\apache-maven-3.8.6\bin;
USERNAME=HaribabuChinthakunta
OS=Windows_NT
PROCESSOR_IDENTIFIER=AMD64 Family 25 Model 80 Stepping 0, AuthenticAMD
TMP=C:\Users\HARIBA~1\AppData\Local\Temp
TEMP=C:\Users\HARIBA~1\AppData\Local\Temp



---------------  S Y S T E M  ---------------

OS:
 Windows 10 , 64 bit Build 19041 (10.0.19041.3155)
OS uptime: 0 days 6:38 hours
Hyper-V role detected

CPU: total 12 (initial active 12) (12 cores per cpu, 2 threads per core) family 25 model 80 stepping 0 microcode 0x0, cx8, cmov, fxsr, ht, mmx, 3dnowpref, sse, sse2, sse3, ssse3, sse4a, sse4.1, sse4.2, popcnt, lzcnt, tsc, tscinvbit, avx, avx2, aes, erms, clmul, bmi1, bmi2, adx, sha, fma, vzeroupper, clflush, clflushopt, hv

Memory: 4k page, system-wide physical 15182M (31M free)
TotalPageFile size 45625M (AvailPageFile size 178M)
current process WorkingSet (physical memory assigned to process): 484M, peak: 489M
current process commit charge ("private bytes"): 490M, peak: 704M

vm_info: OpenJDK 64-Bit Server VM (17.0.7+7) for windows-amd64 JRE (17.0.7+7), built on Apr 18 2023 22:10:42 by "temurin" with MS VC++ 16.7 (VS2019)

END.
